[15-07-2020 12:07:31] SUCCESS. Grabado chunk 175 
[15-07-2020 12:07:32] SUCCESS. Grabado chunk 176 
[15-07-2020 12:07:32] SUCCESS. Grabado chunk 177 
[15-07-2020 12:07:33] SUCCESS. Grabado chunk 178 
[15-07-2020 12:07:34] SUCCESS. Grabado chunk 179 
[15-07-2020 12:07:34] SUCCESS. Grabado chunk 180 
[15-07-2020 12:07:35] SUCCESS. Grabado chunk 181 
[15-07-2020 12:07:36] SUCCESS. Grabado chunk 182 
[15-07-2020 12:07:30] SUCCESS. Grabado chunk 183 
[15-07-2020 12:07:31] SUCCESS. Grabado chunk 184 
[15-07-2020 12:07:31] SUCCESS. Grabado chunk 185 
[15-07-2020 12:07:32] SUCCESS. Grabado chunk 186 
[15-07-2020 12:07:32] SUCCESS. Grabado chunk 187 
[15-07-2020 12:07:33] SUCCESS. Grabado chunk 188 
[15-07-2020 12:07:34] SUCCESS. Grabado chunk 189 
[15-07-2020 12:07:34] SUCCESS. Grabado chunk 190 
[15-07-2020 12:07:35] SUCCESS. Grabado chunk 191 
[15-07-2020 12:07:36] SUCCESS. Grabado chunk 192 
[15-07-2020 12:07:36] SUCCESS. Grabado chunk 193 
[15-07-2020 12:07:37] SUCCESS. Grabado chunk 194 
[15-07-2020 12:07:38] SUCCESS. Grabado chunk 195 
[15-07-2020 12:07:38] SUCCESS. Grabado chunk 196 
[15-07-2020 12:07:39] SUCCESS. Grabado chunk 197 
[15-07-2020 12:07:39] SUCCESS. Grabado chunk 198 
[15-07-2020 12:07:40] SUCCESS. Grabado chunk 199 
[15-07-2020 12:07:40] SUCCESS. Grabado chunk 200 
[15-07-2020 12:07:41] SUCCESS. Grabado chunk 201 
[15-07-2020 12:07:41] SUCCESS. Grabado chunk 202 
[15-07-2020 12:07:42] SUCCESS. Grabado chunk 203 
[15-07-2020 12:07:42] SUCCESS. Grabado chunk 204 
[15-07-2020 12:07:43] SUCCESS. Grabado chunk 205 
[15-07-2020 12:07:44] SUCCESS. Grabado chunk 206 
[15-07-2020 12:07:44] SUCCESS. Grabado chunk 207 
[15-07-2020 12:07:45] SUCCESS. Grabado chunk 208 
[15-07-2020 12:07:45] SUCCESS. Grabado chunk 209 
[15-07-2020 12:07:46] SUCCESS. Grabado chunk 210 
[15-07-2020 12:07:46] SUCCESS. Grabado chunk 211 
[15-07-2020 12:07:47] SUCCESS. Grabado chunk 212 
[15-07-2020 12:07:47] SUCCESS. Grabado chunk 213 
[15-07-2020 12:07:48] SUCCESS. Grabado chunk 214 
[15-07-2020 12:07:48] SUCCESS. Grabado chunk 215 
[15-07-2020 12:07:49] SUCCESS. Grabado chunk 216 
[15-07-2020 12:07:50] SUCCESS. Grabado chunk 217 
[15-07-2020 12:07:52] SUCCESS. Grabado chunk 218 
[15-07-2020 12:07:53] SUCCESS. Grabado chunk 219 
[15-07-2020 12:07:54] SUCCESS. Grabado chunk 220 
[15-07-2020 12:07:54] SUCCESS. Grabado chunk 221 
[15-07-2020 12:07:55] SUCCESS. Grabado chunk 222 
[15-07-2020 12:07:55] SUCCESS. Grabado chunk 223 
[15-07-2020 12:07:56] SUCCESS. Grabado chunk 224 
[15-07-2020 12:07:56] SUCCESS. Grabado chunk 225 
[15-07-2020 12:07:57] SUCCESS. Grabado chunk 226 
[15-07-2020 12:07:58] SUCCESS. Grabado chunk 227 
[15-07-2020 12:07:58] SUCCESS. Grabado chunk 228 
[15-07-2020 12:07:59] SUCCESS. Grabado chunk 229 
[15-07-2020 12:07:59] SUCCESS. Grabado chunk 230 
[15-07-2020 12:07:00] SUCCESS. Grabado chunk 231 
[15-07-2020 12:07:01] SUCCESS. Grabado chunk 232 
[15-07-2020 12:07:01] SUCCESS. Grabado chunk 233 
[15-07-2020 12:07:02] SUCCESS. Grabado chunk 234 
[15-07-2020 12:07:02] SUCCESS. Grabado chunk 235 
[15-07-2020 12:07:03] SUCCESS. Grabado chunk 236 
[15-07-2020 12:07:04] SUCCESS. Grabado chunk 237 
[15-07-2020 12:07:04] SUCCESS. Grabado chunk 238 
[15-07-2020 12:07:05] SUCCESS. Grabado chunk 239 
[15-07-2020 12:07:05] SUCCESS. Grabado chunk 240 
[15-07-2020 12:07:06] SUCCESS. Grabado chunk 241 
[15-07-2020 12:07:07] SUCCESS. Grabado chunk 242 
[15-07-2020 12:07:07] SUCCESS. Grabado chunk 243 
[15-07-2020 12:07:08] SUCCESS. Grabado chunk 244 
[15-07-2020 12:07:09] SUCCESS. Grabado chunk 245 
[15-07-2020 12:07:09] SUCCESS. Grabado chunk 246 
[15-07-2020 12:07:10] SUCCESS. Grabado chunk 247 
[15-07-2020 12:07:11] SUCCESS. Grabado chunk 248 
[15-07-2020 12:07:11] SUCCESS. Grabado chunk 249 
[15-07-2020 12:07:12] SUCCESS. Grabado chunk 250 
[15-07-2020 12:07:12] SUCCESS. Grabado chunk 251 
[15-07-2020 12:07:13] SUCCESS. Grabado chunk 252 
[15-07-2020 12:07:13] SUCCESS. Grabado chunk 253 
[15-07-2020 12:07:14] SUCCESS. Grabado chunk 254 
[15-07-2020 12:07:14] SUCCESS. Grabado chunk 255 
[15-07-2020 12:07:15] SUCCESS. Grabado chunk 256 
[15-07-2020 12:07:16] SUCCESS. Grabado chunk 257 
[15-07-2020 12:07:16] SUCCESS. Grabado chunk 258 
[15-07-2020 12:07:17] SUCCESS. Grabado chunk 259 
[15-07-2020 12:07:17] SUCCESS. Grabado chunk 260 
[15-07-2020 12:07:18] SUCCESS. Grabado chunk 261 
[15-07-2020 12:07:18] SUCCESS. Grabado chunk 262 
[15-07-2020 12:07:19] SUCCESS. Grabado chunk 263 
[15-07-2020 12:07:19] SUCCESS. Grabado chunk 264 
[15-07-2020 12:07:20] SUCCESS. Grabado chunk 265 
[15-07-2020 12:07:21] SUCCESS. Grabado chunk 266 
[15-07-2020 12:07:21] SUCCESS. Grabado chunk 267 
[15-07-2020 12:07:22] SUCCESS. Grabado chunk 268 
[15-07-2020 12:07:22] SUCCESS. Grabado chunk 269 
[15-07-2020 12:07:23] SUCCESS. Grabado chunk 270 
[15-07-2020 12:07:24] SUCCESS. Grabado chunk 271 
[15-07-2020 12:07:24] SUCCESS. Grabado chunk 272 
[15-07-2020 12:07:25] SUCCESS. Grabado chunk 273 
[15-07-2020 12:07:25] SUCCESS. Grabado chunk 274 
[15-07-2020 12:07:26] SUCCESS. Grabado chunk 275 
[15-07-2020 12:07:26] SUCCESS. Grabado chunk 276 
[15-07-2020 12:07:27] SUCCESS. Grabado chunk 277 
[15-07-2020 12:07:27] SUCCESS. Grabado chunk 278 
[15-07-2020 12:07:28] SUCCESS. Grabado chunk 279 
[15-07-2020 12:07:28] SUCCESS. Grabado chunk 280 
[15-07-2020 12:07:29] SUCCESS. Grabado chunk 281 
[15-07-2020 12:07:30] SUCCESS. Grabado chunk 282 
[15-07-2020 12:07:30] SUCCESS. Grabado chunk 283 
[15-07-2020 12:07:31] SUCCESS. Grabado chunk 284 
[15-07-2020 12:07:32] SUCCESS. Grabado chunk 285 
[15-07-2020 12:07:32] SUCCESS. Grabado chunk 286 
[15-07-2020 12:07:33] SUCCESS. Grabado chunk 287 
[15-07-2020 12:07:34] SUCCESS. Grabado chunk 288 
[15-07-2020 12:07:34] SUCCESS. Grabado chunk 289 
[15-07-2020 12:07:35] SUCCESS. Grabado chunk 290 
[15-07-2020 12:07:35] SUCCESS. Grabado chunk 291 
[15-07-2020 12:07:36] SUCCESS. Grabado chunk 292 
[15-07-2020 12:07:37] SUCCESS. Grabado chunk 293 
[15-07-2020 12:07:37] SUCCESS. Grabado chunk 294 
[15-07-2020 12:07:38] SUCCESS. Grabado chunk 295 
[15-07-2020 12:07:38] SUCCESS. Grabado chunk 296 
[15-07-2020 12:07:39] SUCCESS. Grabado chunk 297 
[15-07-2020 12:07:39] SUCCESS. Grabado chunk 298 
[15-07-2020 12:07:40] SUCCESS. Grabado chunk 299 
[15-07-2020 12:07:41] SUCCESS. Grabado chunk 300 
[15-07-2020 12:07:41] SUCCESS. Grabado chunk 301 
[15-07-2020 12:07:42] SUCCESS. Grabado chunk 302 
[15-07-2020 12:07:42] SUCCESS. Grabado chunk 303 
[15-07-2020 12:07:43] SUCCESS. Grabado chunk 304 
[15-07-2020 12:07:43] SUCCESS. Grabado chunk 305 
[15-07-2020 12:07:44] SUCCESS. Grabado chunk 306 
[15-07-2020 12:07:44] SUCCESS. Grabado chunk 307 
[15-07-2020 12:07:45] SUCCESS. Grabado chunk 308 
[15-07-2020 12:07:46] SUCCESS. Grabado chunk 309 
[15-07-2020 12:07:46] SUCCESS. Grabado chunk 310 
[15-07-2020 12:07:47] SUCCESS. Grabado chunk 311 
[15-07-2020 12:07:48] SUCCESS. Grabado chunk 312 
[15-07-2020 12:07:49] SUCCESS. Grabado chunk 313 
[15-07-2020 12:07:49] SUCCESS. Grabado chunk 314 
[15-07-2020 12:07:50] SUCCESS. Grabado chunk 315 
[15-07-2020 12:07:50] SUCCESS. Grabado chunk 316 
[15-07-2020 12:07:51] SUCCESS. Grabado chunk 317 
[15-07-2020 12:07:51] SUCCESS. Grabado chunk 318 
[15-07-2020 12:07:52] SUCCESS. Grabado chunk 319 
[15-07-2020 12:07:53] SUCCESS. Grabado chunk 320 
[15-07-2020 12:07:53] SUCCESS. Grabado chunk 321 
[15-07-2020 12:07:54] SUCCESS. Grabado chunk 322 
[15-07-2020 12:07:55] SUCCESS. Grabado chunk 323 
[15-07-2020 12:07:55] SUCCESS. Grabado chunk 324 
[15-07-2020 12:07:56] SUCCESS. Grabado chunk 325 
[15-07-2020 12:07:56] SUCCESS. Grabado chunk 326 
[15-07-2020 12:07:57] SUCCESS. Grabado chunk 327 
[15-07-2020 12:07:57] SUCCESS. Grabado chunk 328 
[15-07-2020 12:07:58] SUCCESS. Grabado chunk 329 
[15-07-2020 12:07:58] SUCCESS. Grabado chunk 330 
[15-07-2020 12:07:59] SUCCESS. Grabado chunk 331 
[15-07-2020 12:07:59] SUCCESS. Grabado chunk 332 
[15-07-2020 12:07:00] SUCCESS. Grabado chunk 333 
[15-07-2020 12:07:00] SUCCESS. Grabado chunk 334 
[15-07-2020 12:07:01] SUCCESS. Grabado chunk 335 
[15-07-2020 12:07:01] SUCCESS. Grabado chunk 336 
[15-07-2020 12:07:02] SUCCESS. Grabado chunk 337 
[15-07-2020 12:07:02] SUCCESS. Grabado chunk 338 
[15-07-2020 12:07:03] SUCCESS. Grabado chunk 339 
[15-07-2020 12:07:04] SUCCESS. Grabado chunk 340 
[15-07-2020 12:07:04] SUCCESS. Grabado chunk 341 
[15-07-2020 12:07:05] SUCCESS. Grabado chunk 342 
[15-07-2020 12:07:05] SUCCESS. Grabado chunk 343 
[15-07-2020 12:07:06] SUCCESS. Grabado chunk 344 
[15-07-2020 12:07:07] SUCCESS. Grabado chunk 345 
[15-07-2020 12:07:07] SUCCESS. Grabado chunk 346 
[15-07-2020 12:07:08] SUCCESS. Grabado chunk 347 
[15-07-2020 12:07:08] SUCCESS. Grabado chunk 348 
[15-07-2020 12:07:09] SUCCESS. Grabado chunk 349 
[15-07-2020 12:07:09] SUCCESS. Grabado chunk 350 
[15-07-2020 12:07:10] SUCCESS. Grabado chunk 351 
[15-07-2020 12:07:10] SUCCESS. Grabado chunk 352 
[15-07-2020 12:07:11] SUCCESS. Grabado chunk 353 
[15-07-2020 12:07:11] SUCCESS. Grabado chunk 354 
[15-07-2020 12:07:12] SUCCESS. Grabado chunk 355 
[15-07-2020 12:07:12] SUCCESS. Grabado chunk 356 
[15-07-2020 12:07:13] SUCCESS. Grabado chunk 357 
[15-07-2020 12:07:14] SUCCESS. Grabado chunk 358 
[15-07-2020 12:07:14] SUCCESS. Grabado chunk 359 
[15-07-2020 12:07:15] SUCCESS. Grabado chunk 360 
[15-07-2020 12:07:15] SUCCESS. Grabado chunk 361 
[15-07-2020 12:07:16] SUCCESS. Grabado chunk 362 
[15-07-2020 12:07:16] SUCCESS. Grabado chunk 363 
[15-07-2020 12:07:17] SUCCESS. Grabado chunk 364 
[15-07-2020 12:07:17] SUCCESS. Grabado chunk 365 
[15-07-2020 12:07:18] SUCCESS. Grabado chunk 366 
[15-07-2020 12:07:18] SUCCESS. Grabado chunk 367 
[15-07-2020 12:07:19] SUCCESS. Grabado chunk 368 
[15-07-2020 12:07:19] SUCCESS. Grabado chunk 369 
[15-07-2020 12:07:20] SUCCESS. Grabado chunk 370 
[15-07-2020 12:07:20] SUCCESS. Grabado chunk 371 
[15-07-2020 12:07:21] SUCCESS. Grabado chunk 372 
[15-07-2020 12:07:21] SUCCESS. Grabado chunk 373 
[15-07-2020 12:07:22] SUCCESS. Grabado chunk 374 
[15-07-2020 12:07:23] SUCCESS. Grabado chunk 375 
[15-07-2020 12:07:23] SUCCESS. Grabado chunk 376 
[15-07-2020 12:07:24] SUCCESS. Grabado chunk 377 
[15-07-2020 12:07:25] SUCCESS. Grabado chunk 378 
[15-07-2020 12:07:25] SUCCESS. Grabado chunk 379 
[15-07-2020 12:07:26] SUCCESS. Grabado chunk 380 
[15-07-2020 12:07:27] SUCCESS. Grabado chunk 381 
[15-07-2020 12:07:27] SUCCESS. Grabado chunk 382 
[15-07-2020 12:07:28] SUCCESS. Grabado chunk 383 
[15-07-2020 12:07:28] SUCCESS. Grabado chunk 384 
[15-07-2020 12:07:28] SUCCESS. Grabado chunk 385 
[15-07-2020 12:07:29] SUCCESS. Grabado chunk 386 
[15-07-2020 12:07:30] SUCCESS. Grabado chunk 387 
[15-07-2020 12:07:30] SUCCESS. Grabado chunk 388 
[15-07-2020 12:07:31] SUCCESS. Grabado chunk 389 
[15-07-2020 12:07:31] SUCCESS. Grabado chunk 390 
[15-07-2020 12:07:32] SUCCESS. Grabado chunk 391 
[15-07-2020 12:07:32] SUCCESS. Grabado chunk 392 
[15-07-2020 12:07:33] SUCCESS. Grabado chunk 393 
[15-07-2020 12:07:34] SUCCESS. Grabado chunk 394 
[15-07-2020 12:07:34] SUCCESS. Grabado chunk 395 
[15-07-2020 12:07:35] SUCCESS. Grabado chunk 396 
[15-07-2020 12:07:35] SUCCESS. Grabado chunk 397 
[15-07-2020 12:07:36] SUCCESS. Grabado chunk 398 
[15-07-2020 12:07:36] SUCCESS. Grabado chunk 399 
[15-07-2020 12:07:37] SUCCESS. Grabado chunk 400 
[15-07-2020 12:07:38] SUCCESS. Grabado chunk 401 
[15-07-2020 12:07:38] SUCCESS. Grabado chunk 402 
[15-07-2020 12:07:39] SUCCESS. Grabado chunk 403 
[15-07-2020 12:07:40] SUCCESS. Grabado chunk 404 
[15-07-2020 12:07:40] SUCCESS. Grabado chunk 405 
[15-07-2020 12:07:41] SUCCESS. Grabado chunk 406 
[15-07-2020 12:07:41] SUCCESS. Grabado chunk 407 
[15-07-2020 12:07:42] SUCCESS. Grabado chunk 408 
[15-07-2020 12:07:42] SUCCESS. Grabado chunk 409 
[15-07-2020 12:07:43] SUCCESS. Grabado chunk 410 
[15-07-2020 12:07:44] SUCCESS. Grabado chunk 411 
[15-07-2020 12:07:44] SUCCESS. Grabado chunk 412 
[15-07-2020 12:07:45] SUCCESS. Grabado chunk 413 
[15-07-2020 12:07:46] SUCCESS. Grabado chunk 414 
[15-07-2020 12:07:46] SUCCESS. Grabado chunk 415 
[15-07-2020 12:07:47] SUCCESS. Grabado chunk 416 
[15-07-2020 12:07:48] SUCCESS. Grabado chunk 417 
[15-07-2020 12:07:48] SUCCESS. Grabado chunk 418 
[15-07-2020 12:07:49] SUCCESS. Grabado chunk 419 
[15-07-2020 12:07:49] SUCCESS. Grabado chunk 420 
[15-07-2020 12:07:50] SUCCESS. Grabado chunk 421 
[15-07-2020 12:07:50] SUCCESS. Grabado chunk 422 
[15-07-2020 12:07:50] SUCCESS. Grabado chunk 423 
[15-07-2020 12:07:51] SUCCESS. Grabado chunk 424 
[15-07-2020 12:07:51] SUCCESS. Grabado chunk 425 
[15-07-2020 12:07:52] SUCCESS. Grabado chunk 426 
[15-07-2020 12:07:52] SUCCESS. Grabado chunk 427 
[15-07-2020 12:07:53] SUCCESS. Grabado chunk 428 
[15-07-2020 12:07:54] SUCCESS. Grabado chunk 429 
[15-07-2020 12:07:54] SUCCESS. Grabado chunk 430 
[15-07-2020 12:07:54] SUCCESS. Grabado chunk 431 
[15-07-2020 12:07:55] SUCCESS. Grabado chunk 432 
[15-07-2020 12:07:56] SUCCESS. Grabado chunk 433 
[15-07-2020 12:07:56] SUCCESS. Grabado chunk 434 
[15-07-2020 12:07:57] SUCCESS. Grabado chunk 435 
[15-07-2020 12:07:57] SUCCESS. Grabado chunk 436 
[15-07-2020 12:07:58] SUCCESS. Grabado chunk 437 
[15-07-2020 12:07:59] SUCCESS. Grabado chunk 438 
[15-07-2020 12:07:59] SUCCESS. Grabado chunk 439 
[15-07-2020 12:07:00] SUCCESS. Grabado chunk 440 
[15-07-2020 12:07:00] SUCCESS. Grabado chunk 441 
[15-07-2020 12:07:01] SUCCESS. Grabado chunk 442 
[15-07-2020 12:07:01] SUCCESS. Grabado chunk 443 
[15-07-2020 12:07:02] SUCCESS. Grabado chunk 444 
[15-07-2020 12:07:03] SUCCESS. Grabado chunk 445 
[15-07-2020 12:07:03] SUCCESS. Grabado chunk 446 
[15-07-2020 12:07:04] SUCCESS. Grabado chunk 447 
[15-07-2020 12:07:04] SUCCESS. Grabado chunk 448 
[15-07-2020 12:07:05] SUCCESS. Grabado chunk 449 
[15-07-2020 12:07:05] SUCCESS. Grabado chunk 450 
[15-07-2020 12:07:06] SUCCESS. Grabado chunk 451 
[15-07-2020 12:07:06] SUCCESS. Grabado chunk 452 
[15-07-2020 12:07:07] SUCCESS. Grabado chunk 453 
[15-07-2020 12:07:07] SUCCESS. Grabado chunk 454 
[15-07-2020 12:07:08] SUCCESS. Grabado chunk 455 
[15-07-2020 12:07:09] SUCCESS. Grabado chunk 456 
[15-07-2020 12:07:09] SUCCESS. Grabado chunk 457 
[15-07-2020 12:07:10] SUCCESS. Grabado chunk 458 
[15-07-2020 12:07:10] SUCCESS. Grabado chunk 459 
[15-07-2020 12:07:10] API REQUEST ON. URI.  http://video.classroomtv.com/api/v1/institutions/48/video/upload 
[15-07-2020 12:07:10] API REQUEST ON. DATA. {"id":"48","filename":"INDUSCAP_TRABAJO_EN_ALTURA_M1_C1_Bienvenida.mp4","tempfile":"\/tmp\/INDUSCAP_TRABAJO_EN_ALTURA_M1_C1_Bienvenida.mp4","shortname":"classroomtv","videoservice_storage_provider":5} 
[15-07-2020 12:07:11] API REQUEST ON. RESPONSE. {"Video":{"job_id":"5f0efcae34485c7656000011","duration":"184.128000","file_name":"INDUSCAP_TRABAJO_EN_ALTURA_M1_C1_Bienvenida.mp4","storage_provider":"aws_s3"}} 
[15-07-2020 13:07:15] API REQUEST ON. URI.  http://video.classroomtv.com/api/v1/institutions/48/video/upload 
[15-07-2020 13:07:15] API REQUEST ON. DATA. {"id":"48","filename":"INDUSCAP_TRABAJO_EN_ALTURA_M1_C1_Bienvenida.mp4","tempfile":"\/tmp\/INDUSCAP_TRABAJO_EN_ALTURA_M1_C1_Bienvenida.mp4","shortname":"classroomtv","videoservice_storage_provider":5} 
[15-07-2020 13:07:16] API REQUEST ON. RESPONSE. {"Video":{"job_id":"5f0f019f34485cdf9d000015","duration":"184.128000","file_name":"INDUSCAP_TRABAJO_EN_ALTURA_M1_C1_Bienvenida.mp4","storage_provider":"aws_s3"}} 
[15-07-2020 13:07:28] API REQUEST ON. URI.  http://video.classroomtv.com/api/v1/institutions/48/video/upload 
[15-07-2020 13:07:28] API REQUEST ON. DATA. {"id":"48","filename":"INDUSCAP_TRABAJO_EN_ALTURA_M1_C1_Bienvenida.mp4","tempfile":"\/tmp\/INDUSCAP_TRABAJO_EN_ALTURA_M1_C1_Bienvenida.mp4","shortname":"classroomtv","videoservice_storage_provider":5} 
[15-07-2020 13:07:29] API REQUEST ON. RESPONSE. {"Video":{"job_id":"5f0f038d34485c4572000019","duration":"184.128000","file_name":"INDUSCAP_TRABAJO_EN_ALTURA_M1_C1_Bienvenida.mp4","storage_provider":"aws_s3"}} 
[15-07-2020 13:07:44] API REQUEST ON. URI.  http://video.classroomtv.com/api/v1/institutions/48/video/upload 
[15-07-2020 13:07:44] API REQUEST ON. DATA. {"id":"48","filename":"induscap_trabajo_en_altura_m3_c3_plataformas_elevadores_y_escaleras_de_mano_v2.mp4","tempfile":"\/tmp\/induscap_trabajo_en_altura_m3_c3_plataformas_elevadores_y_escaleras_de_mano_v2.mp4","shortname":"classroomtv","videoservice_storage_provider":5} 
[15-07-2020 13:07:45] API REQUEST ON. RESPONSE. {"Video":{"job_id":"5f0f084c34485cbb6a000001","duration":"205.184000","file_name":"induscap_trabajo_en_altura_m3_c3_plataformas_elevadores_y_escaleras_de_mano_v2.mp4","storage_provider":"aws_s3"}} 
[15-07-2020 13:07:35] API REQUEST ON. URI.  http://video.classroomtv.com/api/v1/institutions/48/video/upload 
[15-07-2020 13:07:35] API REQUEST ON. DATA. {"id":"48","filename":"TRANSELEC-TUTORIAL-SGC-C3- tiempos-de-respuesta-corregido.mp4","tempfile":"\/tmp\/TRANSELEC-TUTORIAL-SGC-C3- tiempos-de-respuesta-corregido.mp4","shortname":"classroomtv","videoservice_storage_provider":5} 
[15-07-2020 13:07:36] API REQUEST ON. RESPONSE. {"Video":{"job_id":"5f0f0a2434485cd2e7000001","duration":"190.165333","file_name":"TRANSELEC-TUTORIAL-SGC-C3- tiempos-de-respuesta-corregido.mp4","storage_provider":"aws_s3"}} 
[15-07-2020 14:07:42] API REQUEST ON. URI.  http://video.classroomtv.com/api/v1/institutions/48/video/upload 
[15-07-2020 14:07:42] API REQUEST ON. DATA. {"id":"48","filename":"TRANSELEC-TUTORIAL-SGC-C3- tiempos-de-respuesta-corregido.mp4","tempfile":"\/tmp\/TRANSELEC-TUTORIAL-SGC-C3- tiempos-de-respuesta-corregido.mp4","shortname":"classroomtv","videoservice_storage_provider":5} 
[15-07-2020 14:07:42] API REQUEST ON. RESPONSE. {"Video":{"job_id":"5f0f0dae34485c4030000005","duration":"190.165333","file_name":"TRANSELEC-TUTORIAL-SGC-C3- tiempos-de-respuesta-corregido.mp4","storage_provider":"aws_s3"}} 
[15-07-2020 14:07:56] ON REQUEST DELETION.  
[15-07-2020 14:07:21] API REQUEST ON. URI.  http://video.classroomtv.com/api/v1/institutions/48/video/upload 
[15-07-2020 14:07:21] API REQUEST ON. DATA. {"id":"48","filename":"induscap_trabajo_en_altura_m3_c3_plataformas_elevadores_y_escaleras_de_mano_v2.mp4","tempfile":"\/tmp\/induscap_trabajo_en_altura_m3_c3_plataformas_elevadores_y_escaleras_de_mano_v2.mp4","shortname":"classroomtv","videoservice_storage_provider":5} 
[15-07-2020 14:07:21] API REQUEST ON. RESPONSE. <h1>Internal Server Error</h1> 
[15-07-2020 14:07:46] API REQUEST ON. URI.  http://video.classroomtv.com/api/v1/institutions/48/video/upload 
[15-07-2020 14:07:46] API REQUEST ON. DATA. {"id":"48","filename":"induscap_trabajo_en_altura_m3_c3_plataformas_elevadores_y_escaleras_de_mano_v2.mp4","tempfile":"\/tmp\/induscap_trabajo_en_altura_m3_c3_plataformas_elevadores_y_escaleras_de_mano_v2.mp4","shortname":"classroomtv","videoservice_storage_provider":5} 
[15-07-2020 14:07:47] API REQUEST ON. RESPONSE. {"Video":{"job_id":"5f0f10fa34485c4028000001","duration":"205.184000","file_name":"induscap_trabajo_en_altura_m3_c3_plataformas_elevadores_y_escaleras_de_mano_v2.mp4","storage_provider":"aws_s3"}} 
[15-07-2020 14:07:27] ON REQUEST DELETION. 1 
[15-07-2020 14:07:45] API REQUEST ON. URI.  http://video.classroomtv.com/api/v1/institutions/48/video/upload 
[15-07-2020 14:07:45] API REQUEST ON. DATA. {"id":"48","filename":"TRANSELEC-TUTORIAL-SGC-C3- tiempos-de-respuesta-corregido.mp4","tempfile":"\/tmp\/TRANSELEC-TUTORIAL-SGC-C3- tiempos-de-respuesta-corregido.mp4","shortname":"classroomtv","videoservice_storage_provider":5} 
[15-07-2020 14:07:45] API REQUEST ON. RESPONSE. {"Video":{"job_id":"5f0f135134485ca73a000001","duration":"190.165333","file_name":"TRANSELEC-TUTORIAL-SGC-C3- tiempos-de-respuesta-corregido.mp4","storage_provider":"aws_s3"}} 
[15-07-2020 15:07:46] API REQUEST ON. URI.  http://video.classroomtv.com/api/v1/institutions/810/video/upload 
[15-07-2020 15:07:46] API REQUEST ON. DATA. {"id":"810","filename":"INDUSCAP - TRABAJO EN ALTURA - M3 C3 Plataformas Elevadores y Escaleras de Mano V2.mp4","tempfile":"\/tmp\/INDUSCAP - TRABAJO EN ALTURA - M3 C3 Plataformas Elevadores y Escaleras de Mano V2.mp4","shortname":"induscap","videoservice_storage_provider":5} 
[15-07-2020 15:07:47] API REQUEST ON. RESPONSE. {"Video":{"job_id":"5f0f268a34485c12fa000005","duration":"205.184000","file_name":"INDUSCAP - TRABAJO EN ALTURA - M3 C3 Plataformas Elevadores y Escaleras de Mano V2.mp4","storage_provider":"aws_s3"}} 
[15-07-2020 16:07:22] API REQUEST ON. URI.  http://video.classroomtv.com/api/v1/institutions/653/video/upload 
[15-07-2020 16:07:22] API REQUEST ON. DATA. {"id":"653","filename":"M8C1 Introducci\u00f3n a las Funciones.mp4","tempfile":"\/tmp\/M8C1 Introducci\u00f3n a las Funciones.mp4","shortname":"transelec","videoservice_storage_provider":5} 
[15-07-2020 16:07:22] API REQUEST ON. RESPONSE. {"Video":{"job_id":"5f0f2d7a34485c431a000009","duration":"212.757333","file_name":"M8C1 Introducción a las Funciones.mp4","storage_provider":"aws_s3"}} 
[15-07-2020 16:07:12] ON REQUEST DELETION. 1 
[15-07-2020 17:07:52] API REQUEST ON. URI.  http://video.classroomtv.com/api/v1/institutions/653/video/upload 
[15-07-2020 17:07:52] API REQUEST ON. DATA. {"id":"653","filename":"TELET\u00d3N - INDUCCI\u00d3N CORPORATIVA - SOMOS TELET\u00d3N - M1 C1 V4.mp4","tempfile":"\/tmp\/TELET\u00d3N - INDUCCI\u00d3N CORPORATIVA - SOMOS TELET\u00d3N - M1 C1 V4.mp4","shortname":"transelec","videoservice_storage_provider":5} 
[15-07-2020 17:07:53] API REQUEST ON. RESPONSE. {"Video":{"job_id":"5f0f37e834485cb9ed000005","duration":"240.917333","file_name":"TELETÓN - INDUCCIÓN CORPORATIVA - SOMOS TELETÓN - M1 C1 V4.mp4","storage_provider":"aws_s3"}} 
[15-07-2020 18:07:51] API REQUEST ON. URI.  http://video.classroomtv.com/api/v1/institutions/746/video/upload 
[15-07-2020 18:07:51] API REQUEST ON. DATA. {"id":"746","filename":"Beneficios del Deporte en Pandemia.mp4","tempfile":"\/tmp\/Beneficios del Deporte en Pandemia.mp4","shortname":"forus","videoservice_storage_provider":5} 
[15-07-2020 18:07:51] API REQUEST ON. RESPONSE. {"Video":{"job_id":"5f0f4ae334485c03a8000011","duration":"3207.920000","file_name":"Beneficios del Deporte en Pandemia.mp4","storage_provider":"aws_s3"}} 
[15-07-2020 18:07:21] API REQUEST ON. URI.  http://video.classroomtv.com/api/v1/institutions/775/video/upload 
[15-07-2020 18:07:21] API REQUEST ON. DATA. {"id":"775","filename":"INDUSCAP - TRABAJO EN ALTURA - M3 C3 Plataformas Elevadores y Escaleras de Mano V2.mp4","tempfile":"\/tmp\/INDUSCAP - TRABAJO EN ALTURA - M3 C3 Plataformas Elevadores y Escaleras de Mano V2.mp4","shortname":"av","videoservice_storage_provider":5} 
[15-07-2020 18:07:23] API REQUEST ON. RESPONSE. {"Video":{"job_id":"5f0f50de34485cd876000015","duration":"205.184000","file_name":"INDUSCAP - TRABAJO EN ALTURA - M3 C3 Plataformas Elevadores y Escaleras de Mano V2.mp4","storage_provider":"aws_s3"}} 
[15-07-2020 21:07:44] API REQUEST ON. URI.  http://video.classroomtv.com/api/v1/institutions/741/video/upload 
[15-07-2020 21:07:44] API REQUEST ON. DATA. {"id":"741","filename":"AFP HABITAT - MODELO DE PREVENCI\u00d3N DE DELITOS - M1 C2 Delitos.mp4","tempfile":"\/tmp\/AFP HABITAT - MODELO DE PREVENCI\u00d3N DE DELITOS - M1 C2 Delitos.mp4","shortname":"afphabitat","videoservice_storage_provider":5} 
[15-07-2020 21:07:45] API REQUEST ON. RESPONSE. {"Video":{"job_id":"5f0f71c534485c2538000009","duration":"422.442667","file_name":"AFP HABITAT - MODELO DE PREVENCIÓN DE DELITOS - M1 C2 Delitos.mp4","storage_provider":"aws_s3"}} 
[15-07-2020 22:07:56] API REQUEST ON. URI.  http://video.classroomtv.com/api/v1/institutions/746/video/upload 
[15-07-2020 22:07:56] API REQUEST ON. DATA. {"id":"746","filename":"Hackea tus emociones.mp4","tempfile":"\/tmp\/Hackea tus emociones.mp4","shortname":"forus","videoservice_storage_provider":5} 
[15-07-2020 22:07:56] API REQUEST ON. RESPONSE. {"Video":{"job_id":"5f0f801c34485c959100000d","duration":"4388.960000","file_name":"Hackea tus emociones.mp4","storage_provider":"aws_s3"}} 
[20-07-2020 13:07:15] API REQUEST ON. URI.  http://video.classroomtv.com/api/v1/institutions/717/video/upload 
[20-07-2020 13:07:15] API REQUEST ON. DATA. {"id":"717","filename":"M1C1 Nombres de Rango.mp4","tempfile":"\/tmp\/M1C1 Nombres de Rango.mp4","shortname":"otec","videoservice_storage_provider":5} 
[20-07-2020 13:07:15] API REQUEST ON. RESPONSE. {"Video":{"job_id":"5f15a20734485c9e78000015","duration":"145.920000","file_name":"M1C1 Nombres de Rango.mp4","storage_provider":"aws_s3"}} 
[20-07-2020 14:07:03] ON REQUEST DELETION. 1 
[20-07-2020 14:07:52] API REQUEST ON. URI.  http://video.classroomtv.com/api/v1/institutions/717/video/upload 
[20-07-2020 14:07:52] API REQUEST ON. DATA. {"id":"717","filename":"M2C3 Funciones de Texto Izquierda, Derecha, Extrae.mp4","tempfile":"\/tmp\/M2C3 Funciones de Texto Izquierda, Derecha, Extrae.mp4","shortname":"otec","videoservice_storage_provider":5} 
[20-07-2020 14:07:52] API REQUEST ON. RESPONSE. {"error":"The file isn't a Video"} 
[20-07-2020 14:07:53] ON REQUEST DELETION. 1 
[20-07-2020 14:07:42] API REQUEST ON. URI.  http://video.classroomtv.com/api/v1/institutions/717/video/upload 
[20-07-2020 14:07:42] API REQUEST ON. DATA. {"id":"717","filename":"M2C3 Funciones de Texto Izquierda, Derecha, Extrae.mp4","tempfile":"\/tmp\/M2C3 Funciones de Texto Izquierda, Derecha, Extrae.mp4","shortname":"otec","videoservice_storage_provider":5} 
[20-07-2020 14:07:42] API REQUEST ON. RESPONSE. {"Video":{"job_id":"5f15a65a34485cddad00001d","duration":"195.306667","file_name":"M2C3 Funciones de Texto Izquierda, Derecha, Extrae.mp4","storage_provider":"aws_s3"}} 
[20-07-2020 14:07:33] API REQUEST ON. URI.  http://video.classroomtv.com/api/v1/institutions/717/video/upload 
[20-07-2020 14:07:33] API REQUEST ON. DATA. {"id":"717","filename":"M2C6 Funciones de Texto Texto.mp4","tempfile":"\/tmp\/M2C6 Funciones de Texto Texto.mp4","shortname":"otec","videoservice_storage_provider":5} 
[20-07-2020 14:07:33] API REQUEST ON. RESPONSE. {"Video":{"job_id":"5f15a83134485cf8b1000025","duration":"222.464000","file_name":"M2C6 Funciones de Texto Texto.mp4","storage_provider":"aws_s3"}} 
[20-07-2020 14:07:21] API REQUEST ON. URI.  http://video.classroomtv.com/api/v1/institutions/717/video/upload 
[20-07-2020 14:07:21] API REQUEST ON. DATA. {"id":"717","filename":"M2C8 Funciones de B\u00fasqueda BuscarV, BuscarH.mp4","tempfile":"\/tmp\/M2C8 Funciones de B\u00fasqueda BuscarV, BuscarH.mp4","shortname":"otec","videoservice_storage_provider":5} 
[20-07-2020 14:07:22] API REQUEST ON. RESPONSE. {"Video":{"job_id":"5f15aaba34485cb9ed000021","duration":"463.914667","file_name":"M2C8 Funciones de Búsqueda BuscarV, BuscarH.mp4","storage_provider":"aws_s3"}} 
[20-07-2020 14:07:26] API REQUEST ON. URI.  http://video.classroomtv.com/api/v1/institutions/717/video/upload 
[20-07-2020 14:07:26] API REQUEST ON. DATA. {"id":"717","filename":"M2C6 Funciones de Texto Texto.mp4","tempfile":"\/tmp\/M2C6 Funciones de Texto Texto.mp4","shortname":"otec","videoservice_storage_provider":5} 
[20-07-2020 14:07:27] API REQUEST ON. RESPONSE. {"Video":{"job_id":"5f15ad1734485c59c9000029","duration":"222.464000","file_name":"M2C6 Funciones de Texto Texto.mp4","storage_provider":"aws_s3"}} 
[20-07-2020 15:07:39] API REQUEST ON. URI.  http://video.classroomtv.com/api/v1/institutions/717/video/upload 
[20-07-2020 15:07:39] API REQUEST ON. DATA. {"id":"717","filename":"M2C9 Funciones Contar.Si, Sumar.Si.mp4","tempfile":"\/tmp\/M2C9 Funciones Contar.Si, Sumar.Si.mp4","shortname":"otec","videoservice_storage_provider":5} 
[20-07-2020 15:07:39] API REQUEST ON. RESPONSE. {"Video":{"job_id":"5f15b2ff34485c9e7800002d","duration":"395.541333","file_name":"M2C9 Funciones Contar.Si, Sumar.Si.mp4","storage_provider":"aws_s3"}} 
[20-07-2020 15:07:28] API REQUEST ON. URI.  http://video.classroomtv.com/api/v1/institutions/717/video/upload 
[20-07-2020 15:07:28] API REQUEST ON. DATA. {"id":"717","filename":"M2C9 Funciones Contar.Si, Sumar.Si.mp4","tempfile":"\/tmp\/M2C9 Funciones Contar.Si, Sumar.Si.mp4","shortname":"otec","videoservice_storage_provider":5} 
[20-07-2020 15:07:30] API REQUEST ON. RESPONSE. {"Video":{"job_id":"5f15b42134485c431a000035","duration":"395.541333","file_name":"M2C9 Funciones Contar.Si, Sumar.Si.mp4","storage_provider":"aws_s3"}} 
[20-07-2020 15:07:08] API REQUEST ON. URI.  http://video.classroomtv.com/api/v1/institutions/717/video/upload 
[20-07-2020 15:07:08] API REQUEST ON. DATA. {"id":"717","filename":"M2C10 Funciones L\u00f3gicas SI, Y, O.mp4","tempfile":"\/tmp\/M2C10 Funciones L\u00f3gicas SI, Y, O.mp4","shortname":"otec","videoservice_storage_provider":5} 
[20-07-2020 15:07:09] API REQUEST ON. RESPONSE. {"Video":{"job_id":"5f15b62934485c431a000039","duration":"363.882667","file_name":"M2C10 Funciones Lógicas SI, Y, O.mp4","storage_provider":"aws_s3"}} 
[20-07-2020 15:07:47] API REQUEST ON. URI.  http://video.classroomtv.com/api/v1/institutions/717/video/upload 
[20-07-2020 15:07:47] API REQUEST ON. DATA. {"id":"717","filename":"M2C11 Funci\u00f3n SI anidada.mp4","tempfile":"\/tmp\/M2C11 Funci\u00f3n SI anidada.mp4","shortname":"otec","videoservice_storage_provider":5} 
[20-07-2020 15:07:47] API REQUEST ON. RESPONSE. {"Video":{"job_id":"5f15b6c734485cdba800003d","duration":"288.704000","file_name":"M2C11 Función SI anidada.mp4","storage_provider":"aws_s3"}} 
[20-07-2020 15:07:41] API REQUEST ON. URI.  http://video.classroomtv.com/api/v1/institutions/717/video/upload 
[20-07-2020 15:07:41] API REQUEST ON. DATA. {"id":"717","filename":"M3C1 Creaci\u00f3n de un gr\u00e1fico.mp4","tempfile":"\/tmp\/M3C1 Creaci\u00f3n de un gr\u00e1fico.mp4","shortname":"otec","videoservice_storage_provider":5} 
[20-07-2020 15:07:42] API REQUEST ON. RESPONSE. {"Video":{"job_id":"5f15b73a34485cf8b1000041","duration":"114.090667","file_name":"M3C1 Creación de un gráfico.mp4","storage_provider":"aws_s3"}} 
[20-07-2020 15:07:07] API REQUEST ON. URI.  http://video.classroomtv.com/api/v1/institutions/717/video/upload 
[20-07-2020 15:07:07] API REQUEST ON. DATA. {"id":"717","filename":"M3C2 Tipos de Gr\u00e1ficos Circulares, Columnas, L\u00edneas.mp4","tempfile":"\/tmp\/M3C2 Tipos de Gr\u00e1ficos Circulares, Columnas, L\u00edneas.mp4","shortname":"otec","videoservice_storage_provider":5} 
[20-07-2020 15:07:07] API REQUEST ON. RESPONSE. {"Video":{"job_id":"5f15b7cb34485c8efe000045","duration":"174.080000","file_name":"M3C2 Tipos de Gráficos Circulares, Columnas, Líneas.mp4","storage_provider":"aws_s3"}} 
[20-07-2020 15:07:44] API REQUEST ON. URI.  http://video.classroomtv.com/api/v1/institutions/741/video/upload 
[20-07-2020 15:07:44] API REQUEST ON. DATA. {"id":"741","filename":"MOD 2 CLIP 1 19072020.mp4","tempfile":"\/tmp\/MOD 2 CLIP 1 19072020.mp4","shortname":"afphabitat","videoservice_storage_provider":5} 
[20-07-2020 15:07:45] API REQUEST ON. RESPONSE. {"Video":{"job_id":"5f15bbb134485c9591000031","duration":"336.960000","file_name":"MOD 2 CLIP 1 19072020.mp4","storage_provider":"aws_s3"}} 
[20-07-2020 15:07:08] ON REQUEST DELETION. 1 
[20-07-2020 15:07:37] API REQUEST ON. URI.  http://video.classroomtv.com/api/v1/institutions/717/video/upload 
[20-07-2020 15:07:37] API REQUEST ON. DATA. {"id":"717","filename":"M3C3 Tipos de Gr\u00e1ficos XY o Dispersi\u00f3n, Burbujas, Superficie.mp4","tempfile":"\/tmp\/M3C3 Tipos de Gr\u00e1ficos XY o Dispersi\u00f3n, Burbujas, Superficie.mp4","shortname":"otec","videoservice_storage_provider":5} 
[20-07-2020 15:07:37] API REQUEST ON. RESPONSE. {"Video":{"job_id":"5f15bdc534485c411a000049","duration":"312.448000","file_name":"M3C3 Tipos de Gráficos XY o Dispersión, Burbujas, Superficie.mp4","storage_provider":"aws_s3"}} 
[20-07-2020 15:07:45] API REQUEST ON. URI.  http://video.classroomtv.com/api/v1/institutions/741/video/upload 
[20-07-2020 15:07:45] API REQUEST ON. DATA. {"id":"741","filename":"MOD 2 CLIP 1 19072020.mp4","tempfile":"\/tmp\/MOD 2 CLIP 1 19072020.mp4","shortname":"afphabitat","videoservice_storage_provider":5} 
[20-07-2020 15:07:45] API REQUEST ON. RESPONSE. {"Video":{"job_id":"5f15be8134485cddad000035","duration":"336.960000","file_name":"MOD 2 CLIP 1 19072020.mp4","storage_provider":"aws_s3"}} 
[20-07-2020 15:07:56] ON REQUEST DELETION. 1 
[20-07-2020 15:07:46] API REQUEST ON. URI.  http://video.classroomtv.com/api/v1/institutions/717/video/upload 
[20-07-2020 15:07:46] API REQUEST ON. DATA. {"id":"717","filename":"M3C4 Dise\u00f1o, Estilos y Formato del Gr\u00e1fico.mp4","tempfile":"\/tmp\/M3C4 Dise\u00f1o, Estilos y Formato del Gr\u00e1fico.mp4","shortname":"otec","videoservice_storage_provider":5} 
[20-07-2020 15:07:46] API REQUEST ON. RESPONSE. {"Video":{"job_id":"5f15befa34485c8e27000039","duration":"158.634667","file_name":"M3C4 Diseño, Estilos y Formato del Gráfico.mp4","storage_provider":"aws_s3"}} 
[20-07-2020 15:07:51] API REQUEST ON. URI.  http://video.classroomtv.com/api/v1/institutions/717/video/upload 
[20-07-2020 15:07:51] API REQUEST ON. DATA. {"id":"717","filename":"M3C5 Vista en 3D y Giro en 3D.mp4","tempfile":"\/tmp\/M3C5 Vista en 3D y Giro en 3D.mp4","shortname":"otec","videoservice_storage_provider":5} 
[20-07-2020 15:07:52] API REQUEST ON. RESPONSE. {"Video":{"job_id":"5f15bf7834485c6f4400003d","duration":"151.637333","file_name":"M3C5 Vista en 3D y Giro en 3D.mp4","storage_provider":"aws_s3"}} 
[20-07-2020 16:07:43] API REQUEST ON. URI.  http://video.classroomtv.com/api/v1/institutions/741/video/upload 
[20-07-2020 16:07:43] API REQUEST ON. DATA. {"id":"741","filename":"MOD 2 CLIP 1 19072020.mp4","tempfile":"\/tmp\/MOD 2 CLIP 1 19072020.mp4","shortname":"afphabitat","videoservice_storage_provider":5} 
[20-07-2020 16:07:44] API REQUEST ON. RESPONSE. {"Video":{"job_id":"5f15c06034485cdba800004d","duration":"336.960000","file_name":"MOD 2 CLIP 1 19072020.mp4","storage_provider":"aws_s3"}} 
[20-07-2020 16:07:17] API REQUEST ON. URI.  http://video.classroomtv.com/api/v1/institutions/717/video/upload 
[20-07-2020 16:07:17] API REQUEST ON. DATA. {"id":"717","filename":"M4C1 Filtros Avanzados.mp4","tempfile":"\/tmp\/M4C1 Filtros Avanzados.mp4","shortname":"otec","videoservice_storage_provider":5} 
[20-07-2020 16:07:17] API REQUEST ON. RESPONSE. {"Video":{"job_id":"5f15c13534485c2538000041","duration":"267.648000","file_name":"M4C1 Filtros Avanzados.mp4","storage_provider":"aws_s3"}} 
[20-07-2020 16:07:17] API REQUEST ON. URI.  http://video.classroomtv.com/api/v1/institutions/717/video/upload 
[20-07-2020 16:07:17] API REQUEST ON. DATA. {"id":"717","filename":"M4C2 Sub Totales.mp4","tempfile":"\/tmp\/M4C2 Sub Totales.mp4","shortname":"otec","videoservice_storage_provider":5} 
[20-07-2020 16:07:18] API REQUEST ON. RESPONSE. {"Video":{"job_id":"5f15c2d934485c8e27000045","duration":"308.885333","file_name":"M4C2 Sub Totales.mp4","storage_provider":"aws_s3"}} 
[20-07-2020 16:07:13] API REQUEST ON. URI.  http://video.classroomtv.com/api/v1/institutions/717/video/upload 
[20-07-2020 16:07:13] API REQUEST ON. DATA. {"id":"717","filename":"M4C3 Tablas Din\u00e1micas.mp4","tempfile":"\/tmp\/M4C3 Tablas Din\u00e1micas.mp4","shortname":"otec","videoservice_storage_provider":5} 
[20-07-2020 16:07:14] API REQUEST ON. RESPONSE. {"Video":{"job_id":"5f15c78634485c411a000051","duration":"510.378667","file_name":"M4C3 Tablas Dinámicas.mp4","storage_provider":"aws_s3"}} 
[20-07-2020 16:07:39] API REQUEST ON. URI.  http://video.classroomtv.com/api/v1/institutions/717/video/upload 
[20-07-2020 16:07:39] API REQUEST ON. DATA. {"id":"717","filename":"M4C4 Tablas Din\u00e1micas Campos Calculados.mp4","tempfile":"\/tmp\/M4C4 Tablas Din\u00e1micas Campos Calculados.mp4","shortname":"otec","videoservice_storage_provider":5} 
[20-07-2020 16:07:40] API REQUEST ON. RESPONSE. {"Video":{"job_id":"5f15c81834485cddad000049","duration":"199.808000","file_name":"M4C4 Tablas Dinámicas Campos Calculados.mp4","storage_provider":"aws_s3"}} 
[20-07-2020 16:07:17] API REQUEST ON. URI.  http://video.classroomtv.com/api/v1/institutions/717/video/upload 
[20-07-2020 16:07:17] API REQUEST ON. DATA. {"id":"717","filename":"M4C4 Tablas Din\u00e1micas Campos Calculados.mp4","tempfile":"\/tmp\/M4C4 Tablas Din\u00e1micas Campos Calculados.mp4","shortname":"otec","videoservice_storage_provider":5} 
[20-07-2020 16:07:17] API REQUEST ON. RESPONSE. {"Video":{"job_id":"5f15c8f134485c411a000055","duration":"199.808000","file_name":"M4C4 Tablas Dinámicas Campos Calculados.mp4","storage_provider":"aws_s3"}} 
[20-07-2020 16:07:16] API REQUEST ON. URI.  http://video.classroomtv.com/api/v1/institutions/717/video/upload 
[20-07-2020 16:07:16] API REQUEST ON. DATA. {"id":"717","filename":"M5C1 Auditoria.mp4","tempfile":"\/tmp\/M5C1 Auditoria.mp4","shortname":"otec","videoservice_storage_provider":5} 
[20-07-2020 16:07:17] API REQUEST ON. RESPONSE. {"Video":{"job_id":"5f15ca5834485c9591000051","duration":"239.189333","file_name":"M5C1 Auditoria.mp4","storage_provider":"aws_s3"}} 
[20-07-2020 16:07:47] API REQUEST ON. URI.  http://video.classroomtv.com/api/v1/institutions/717/video/upload 
[20-07-2020 16:07:47] API REQUEST ON. DATA. {"id":"717","filename":"M6C1 Validaci\u00f3n de Datos.mp4","tempfile":"\/tmp\/M6C1 Validaci\u00f3n de Datos.mp4","shortname":"otec","videoservice_storage_provider":5} 
[20-07-2020 16:07:47] API REQUEST ON. RESPONSE. {"Video":{"job_id":"5f15cb2b34485c8efe000059","duration":"384.533333","file_name":"M6C1 Validación de Datos.mp4","storage_provider":"aws_s3"}} 
[20-07-2020 17:07:12] API REQUEST ON. URI.  http://video.classroomtv.com/api/v1/institutions/741/video/upload 
[20-07-2020 17:07:12] API REQUEST ON. DATA. {"id":"741","filename":"AFP HABITAT - SEGURIDAD DE LA INFORMACI\u00d3N - M2 C1.mp4","tempfile":"\/tmp\/AFP HABITAT - SEGURIDAD DE LA INFORMACI\u00d3N - M2 C1.mp4","shortname":"afphabitat","videoservice_storage_provider":5} 
[20-07-2020 17:07:13] API REQUEST ON. RESPONSE. {"Video":{"job_id":"5f15cf0534485c66df000055","duration":"336.960000","file_name":"AFP HABITAT - SEGURIDAD DE LA INFORMACIÓN - M2 C1.mp4","storage_provider":"aws_s3"}} 
[20-07-2020 17:07:50] ON REQUEST DELETION. 1 
[20-07-2020 17:07:22] API REQUEST ON. URI.  http://video.classroomtv.com/api/v1/institutions/775/video/upload 
[20-07-2020 17:07:22] API REQUEST ON. DATA. {"id":"775","filename":"AFP HABITAT - SEGURIDAD DE LA INFORMACI\u00d3N - M2 C1.mp4","tempfile":"\/tmp\/AFP HABITAT - SEGURIDAD DE LA INFORMACI\u00d3N - M2 C1.mp4","shortname":"av","videoservice_storage_provider":5} 
[20-07-2020 17:07:22] API REQUEST ON. RESPONSE. {"Video":{"job_id":"5f15d47234485c431a000061","duration":"336.960000","file_name":"AFP HABITAT - SEGURIDAD DE LA INFORMACIÓN - M2 C1.mp4","storage_provider":"aws_s3"}} 
[20-07-2020 19:07:12] ON REQUEST DELETION. 1 
[20-07-2020 19:07:39] ON REQUEST DELETION. 1 
[20-07-2020 19:07:44] API REQUEST ON. URI.  http://video.classroomtv.com/api/v1/institutions/48/video/upload 
[20-07-2020 19:07:44] API REQUEST ON. DATA. {"id":"48","filename":"batmanjl.mp4","tempfile":"\/tmp\/batmanjl.mp4","shortname":"classroomtv","videoservice_storage_provider":5} 
[20-07-2020 19:07:44] API REQUEST ON. RESPONSE. {"error":"The file isn't a Video"} 
[20-07-2020 19:07:44] ON REQUEST DELETION. 1 
[20-07-2020 19:07:17] API REQUEST ON. URI.  http://video.classroomtv.com/api/v1/institutions/48/video/upload 
[20-07-2020 19:07:17] API REQUEST ON. DATA. {"id":"48","filename":"TRANSELEC-TUTORIAL-SGC-C3- tiempos-de-respuesta-corregido.mp4","tempfile":"\/tmp\/TRANSELEC-TUTORIAL-SGC-C3- tiempos-de-respuesta-corregido.mp4","shortname":"classroomtv","videoservice_storage_provider":5} 
[20-07-2020 19:07:19] API REQUEST ON. RESPONSE. {"Video":{"job_id":"5f15f6a634485c526f000001","duration":"190.165333","file_name":"TRANSELEC-TUTORIAL-SGC-C3- tiempos-de-respuesta-corregido.mp4","storage_provider":"aws_s3"}} 
[20-07-2020 19:07:17] ON REQUEST DELETION. 1 
[20-07-2020 19:07:30] API REQUEST ON. URI.  http://video.classroomtv.com/api/v1/institutions/48/video/upload 
[20-07-2020 19:07:30] API REQUEST ON. DATA. {"id":"48","filename":"cast4.mov","tempfile":"\/tmp\/cast4.mov","shortname":"classroomtv","videoservice_storage_provider":5} 
[20-07-2020 19:07:30] API REQUEST ON. RESPONSE. {"Video":{"job_id":"5f15f7a234485c4685000001","duration":"68.045000","file_name":"cast4.mov","storage_provider":"aws_s3"}} 
[20-07-2020 20:07:52] API REQUEST ON. URI.  http://video.classroomtv.com/api/v1/institutions/48/video/upload 
[20-07-2020 20:07:52] API REQUEST ON. DATA. {"id":"48","filename":"cast4.mov","tempfile":"\/tmp\/cast4.mov","shortname":"classroomtv","videoservice_storage_provider":5} 
[20-07-2020 20:07:53] API REQUEST ON. RESPONSE. {"Video":{"job_id":"5f15fac434485c448f000005","duration":"68.045000","file_name":"cast4.mov","storage_provider":"aws_s3"}} 
[20-07-2020 20:07:48] ON REQUEST DELETION. 1 
[20-07-2020 20:07:36] API REQUEST ON. URI.  http://video.classroomtv.com/api/v1/institutions/48/video/upload 
[20-07-2020 20:07:36] API REQUEST ON. DATA. {"id":"48","filename":"TRANSELEC_TUTORIAL_SGC_C3_tiempos_de_Respuesta_corregido_v2.mp4","tempfile":"\/tmp\/TRANSELEC_TUTORIAL_SGC_C3_tiempos_de_Respuesta_corregido_v2.mp4","shortname":"classroomtv","videoservice_storage_provider":5} 
[20-07-2020 20:07:36] API REQUEST ON. RESPONSE. {"Video":{"job_id":"5f15fb6834485c90df000009","duration":"190.120000","file_name":"TRANSELEC_TUTORIAL_SGC_C3_tiempos_de_Respuesta_corregido_v2.mp4","storage_provider":"aws_s3"}} 
[20-07-2020 20:07:50] API REQUEST ON. URI.  http://video.classroomtv.com/api/v1/institutions/48/video/upload 
[20-07-2020 20:07:50] API REQUEST ON. DATA. {"id":"48","filename":"TRANSELEC_TUTORIAL_SGC_C3_tiempos_de_Respuesta_corregido_v2.mp4","tempfile":"\/tmp\/TRANSELEC_TUTORIAL_SGC_C3_tiempos_de_Respuesta_corregido_v2.mp4","shortname":"classroomtv","videoservice_storage_provider":5} 
[20-07-2020 20:07:50] API REQUEST ON. RESPONSE. {"Video":{"job_id":"5f16020634485c292a000009","duration":"190.120000","file_name":"TRANSELEC_TUTORIAL_SGC_C3_tiempos_de_Respuesta_corregido_v2.mp4","storage_provider":"aws_s3"}} 
[20-07-2020 20:07:09] API REQUEST ON. URI.  http://video.classroomtv.com/api/v1/institutions/48/video/upload 
[20-07-2020 20:07:09] API REQUEST ON. DATA. {"id":"48","filename":"TRANSELEC_TUTORIAL_SGC_C3_tiempos_de_Respuesta_corregido_v2.mp4","tempfile":"\/tmp\/TRANSELEC_TUTORIAL_SGC_C3_tiempos_de_Respuesta_corregido_v2.mp4","shortname":"classroomtv","videoservice_storage_provider":5} 
[20-07-2020 20:07:09] API REQUEST ON. RESPONSE. {"Video":{"job_id":"5f16034534485c75bd000011","duration":"190.120000","file_name":"TRANSELEC_TUTORIAL_SGC_C3_tiempos_de_Respuesta_corregido_v2.mp4","storage_provider":"aws_s3"}} 
[20-07-2020 20:07:05] API REQUEST ON. URI.  http://video.classroomtv.com/api/v1/institutions/48/video/upload 
[20-07-2020 20:07:05] API REQUEST ON. DATA. {"id":"48","filename":"cast5.mp4","tempfile":"\/tmp\/cast5.mp4","shortname":"classroomtv","videoservice_storage_provider":5} 
[20-07-2020 20:07:05] API REQUEST ON. RESPONSE. {"Video":{"job_id":"5f16052134485c526f00000d","duration":"438.115000","file_name":"cast5.mp4","storage_provider":"aws_s3"}} 
[20-07-2020 21:07:57] API REQUEST ON. URI.  http://video.classroomtv.com/api/v1/institutions/48/video/upload 
[20-07-2020 21:07:57] API REQUEST ON. DATA. {"id":"48","filename":"cast4.mov","tempfile":"\/tmp\/cast4.mov","shortname":"classroomtv","videoservice_storage_provider":5} 
[20-07-2020 21:07:57] API REQUEST ON. RESPONSE. {"Video":{"job_id":"5f1606f934485c969d000015","duration":"68.045000","file_name":"cast4.mov","storage_provider":"aws_s3"}} 
[20-07-2020 21:07:26] API REQUEST ON. URI.  http://video.classroomtv.com/api/v1/institutions/48/video/upload 
[20-07-2020 21:07:26] API REQUEST ON. DATA. {"id":"48","filename":"TRANSELEC_TUTORIAL_SGC_C3_tiempos_de_Respuesta_corregido_v2.mp4","tempfile":"\/tmp\/TRANSELEC_TUTORIAL_SGC_C3_tiempos_de_Respuesta_corregido_v2.mp4","shortname":"classroomtv","videoservice_storage_provider":5} 
[20-07-2020 21:07:26] API REQUEST ON. RESPONSE. {"Video":{"job_id":"5f16080634485ce57b000011","duration":"190.120000","file_name":"TRANSELEC_TUTORIAL_SGC_C3_tiempos_de_Respuesta_corregido_v2.mp4","storage_provider":"aws_s3"}} 
[20-07-2020 21:07:50] API REQUEST ON. URI.  http://video.classroomtv.com/api/v1/institutions/48/video/upload 
[20-07-2020 21:07:50] API REQUEST ON. DATA. {"id":"48","filename":"TRANSELEC-TUTORIAL-SGC-C3- tiempos-de-respuesta-corregido.mp4","tempfile":"\/tmp\/TRANSELEC-TUTORIAL-SGC-C3- tiempos-de-respuesta-corregido.mp4","shortname":"classroomtv","videoservice_storage_provider":5} 
[20-07-2020 21:07:50] API REQUEST ON. RESPONSE. {"Video":{"job_id":"5f160ab234485c471c00001d","duration":"190.165333","file_name":"TRANSELEC-TUTORIAL-SGC-C3- tiempos-de-respuesta-corregido.mp4","storage_provider":"aws_s3"}} 
[20-07-2020 21:07:23] ON REQUEST DELETION. 1 
[20-07-2020 21:07:51] API REQUEST ON. URI.  http://video.classroomtv.com/api/v1/institutions/48/video/upload 
[20-07-2020 21:07:51] API REQUEST ON. DATA. {"id":"48","filename":"TRANSELEC-TUTORIAL-SGC-C3- tiempos-de-respuesta-corregido.mp4","tempfile":"\/tmp\/TRANSELEC-TUTORIAL-SGC-C3- tiempos-de-respuesta-corregido.mp4","shortname":"classroomtv","videoservice_storage_provider":5} 
[20-07-2020 21:07:52] API REQUEST ON. RESPONSE. {"Video":{"job_id":"5f1611f834485cee37000021","duration":"190.165333","file_name":"TRANSELEC-TUTORIAL-SGC-C3- tiempos-de-respuesta-corregido.mp4","storage_provider":"aws_s3"}} 
[21-07-2020 14:07:49] API REQUEST ON. URI.  http://video.classroomtv.com/api/v1/institutions/653/video/upload 
[21-07-2020 14:07:49] API REQUEST ON. DATA. {"id":"653","filename":"Parte 1.mp4","tempfile":"\/tmp\/Parte 1.mp4","shortname":"transelec","videoservice_storage_provider":5} 
[21-07-2020 14:07:49] API REQUEST ON. RESPONSE. {"Video":{"job_id":"5f16f89534485c25f400001d","duration":"221.866667","file_name":"Parte 1.mp4","storage_provider":"aws_s3"}} 
[21-07-2020 14:07:55] API REQUEST ON. URI.  http://video.classroomtv.com/api/v1/institutions/48/video/upload 
[21-07-2020 14:07:55] API REQUEST ON. DATA. {"id":"48","filename":"TRANSELEC-TUTORIAL-SGC-C3- tiempos-de-respuesta-corregido.mp4","tempfile":"\/tmp\/TRANSELEC-TUTORIAL-SGC-C3- tiempos-de-respuesta-corregido.mp4","shortname":"classroomtv","videoservice_storage_provider":5} 
[21-07-2020 14:07:56] API REQUEST ON. RESPONSE. {"Video":{"job_id":"5f16fc1f34485c471c00002d","duration":"190.165333","file_name":"TRANSELEC-TUTORIAL-SGC-C3- tiempos-de-respuesta-corregido.mp4","storage_provider":"aws_s3"}} 
[21-07-2020 14:07:05] API REQUEST ON. URI.  http://video.classroomtv.com/api/v1/institutions/653/video/upload 
[21-07-2020 14:07:05] API REQUEST ON. DATA. {"id":"653","filename":"Parte 2.mp4","tempfile":"\/tmp\/Parte 2.mp4","shortname":"transelec","videoservice_storage_provider":5} 
[21-07-2020 14:07:06] API REQUEST ON. RESPONSE. {"Video":{"job_id":"5f16fcdd34485c8ca8000031","duration":"223.829333","file_name":"Parte 2.mp4","storage_provider":"aws_s3"}} 
[21-07-2020 14:07:32] API REQUEST ON. URI.  http://video.classroomtv.com/api/v1/institutions/653/video/upload 
[21-07-2020 14:07:32] API REQUEST ON. DATA. {"id":"653","filename":"Parte 3.mp4","tempfile":"\/tmp\/Parte 3.mp4","shortname":"transelec","videoservice_storage_provider":5} 
[21-07-2020 14:07:33] API REQUEST ON. RESPONSE. {"Video":{"job_id":"5f16ffc934485c292a000025","duration":"168.853333","file_name":"Parte 3.mp4","storage_provider":"aws_s3"}} 
[21-07-2020 14:07:03] API REQUEST ON. URI.  http://video.classroomtv.com/api/v1/institutions/48/video/upload 
[21-07-2020 14:07:03] API REQUEST ON. DATA. {"id":"48","filename":"TRANSELEC-TUTORIAL-SGC-C3- tiempos-de-respuesta-corregido.mp4","tempfile":"\/tmp\/TRANSELEC-TUTORIAL-SGC-C3- tiempos-de-respuesta-corregido.mp4","shortname":"classroomtv","videoservice_storage_provider":5} 
[21-07-2020 14:07:04] API REQUEST ON. RESPONSE. {"Video":{"job_id":"5f17009b34485c8620000039","duration":"190.165333","file_name":"TRANSELEC-TUTORIAL-SGC-C3- tiempos-de-respuesta-corregido.mp4","storage_provider":"aws_s3"}} 
[21-07-2020 14:07:15] API REQUEST ON. URI.  http://video.classroomtv.com/api/v1/institutions/653/video/upload 
[21-07-2020 14:07:15] API REQUEST ON. DATA. {"id":"653","filename":"TRANSELEC - TUTORIAL SGC - C3 V5.mp4","tempfile":"\/tmp\/TRANSELEC - TUTORIAL SGC - C3 V5.mp4","shortname":"transelec","videoservice_storage_provider":5} 
[21-07-2020 14:07:16] API REQUEST ON. RESPONSE. {"Video":{"job_id":"5f1702c334485c5d10000029","duration":"213.930667","file_name":"TRANSELEC - TUTORIAL SGC - C3 V5.mp4","storage_provider":"aws_s3"}} 
[21-07-2020 18:07:27] API REQUEST ON. URI.  http://video.classroomtv.com/api/v1/institutions/741/video/upload 
[21-07-2020 18:07:27] API REQUEST ON. DATA. {"id":"741","filename":"MOD 1 CLIP 2 POLITICAS DE CONDUCTA PARA EMPLEADOS DE AFP HABITAT 21072020.mp4","tempfile":"\/tmp\/MOD 1 CLIP 2 POLITICAS DE CONDUCTA PARA EMPLEADOS DE AFP HABITAT 21072020.mp4","shortname":"afphabitat","videoservice_storage_provider":5} 
[21-07-2020 18:07:27] API REQUEST ON. RESPONSE. {"Video":{"job_id":"5f17304734485cb3e900003d","duration":"216.725333","file_name":"MOD 1 CLIP 2 POLITICAS DE CONDUCTA PARA EMPLEADOS DE AFP HABITAT 21072020.mp4","storage_provider":"aws_s3"}} 
[21-07-2020 18:07:42] API REQUEST ON. URI.  http://video.classroomtv.com/api/v1/institutions/741/video/upload 
[21-07-2020 18:07:42] API REQUEST ON. DATA. {"id":"741","filename":"MOD 2 CLIP 1 LA OBLIGACION DE INFORMAR 21072020.mp4","tempfile":"\/tmp\/MOD 2 CLIP 1 LA OBLIGACION DE INFORMAR 21072020.mp4","shortname":"afphabitat","videoservice_storage_provider":5} 
[21-07-2020 18:07:42] API REQUEST ON. RESPONSE. {"Video":{"job_id":"5f1731be34485c526f00002d","duration":"169.877333","file_name":"MOD 2 CLIP 1 LA OBLIGACION DE INFORMAR 21072020.mp4","storage_provider":"aws_s3"}} 
[21-07-2020 18:07:31] ON REQUEST DELETION. 1 
[21-07-2020 18:07:32] ON REQUEST DELETION. 1 
[21-07-2020 18:07:37] API REQUEST ON. URI.  http://video.classroomtv.com/api/v1/institutions/741/video/upload 
[21-07-2020 18:07:37] API REQUEST ON. DATA. {"id":"741","filename":"MOD 1 CLIP 2 POLITICAS DE CONDUCTA PARA EMPLEADOS DE AFP HABITAT 21072020.mp4","tempfile":"\/tmp\/MOD 1 CLIP 2 POLITICAS DE CONDUCTA PARA EMPLEADOS DE AFP HABITAT 21072020.mp4","shortname":"afphabitat","videoservice_storage_provider":5} 
[21-07-2020 18:07:38] API REQUEST ON. RESPONSE. {"error":"The file isn't a Video"} 
[21-07-2020 18:07:38] ON REQUEST DELETION. 1 
[21-07-2020 18:07:02] ON REQUEST DELETION. 1 
[21-07-2020 18:07:13] API REQUEST ON. URI.  http://video.classroomtv.com/api/v1/institutions/741/video/upload 
[21-07-2020 18:07:13] API REQUEST ON. DATA. {"id":"741","filename":"MOD 1 CLIP 2 POLITICAS DE CONDUCTA PARA EMPLEADOS DE AFP HABITAT 21072020.mp4","tempfile":"\/tmp\/MOD 1 CLIP 2 POLITICAS DE CONDUCTA PARA EMPLEADOS DE AFP HABITAT 21072020.mp4","shortname":"afphabitat","videoservice_storage_provider":5} 
[21-07-2020 18:07:13] API REQUEST ON. RESPONSE. {"Video":{"job_id":"5f1737f534485c33f7000031","duration":"216.725333","file_name":"MOD 1 CLIP 2 POLITICAS DE CONDUCTA PARA EMPLEADOS DE AFP HABITAT 21072020.mp4","storage_provider":"aws_s3"}} 
[21-07-2020 19:07:11] API REQUEST ON. URI.  http://video.classroomtv.com/api/v1/institutions/741/video/upload 
[21-07-2020 19:07:11] API REQUEST ON. DATA. {"id":"741","filename":"MOD 2 CLIP 1 LA OBLIGACION DE INFORMAR 21072020.mp4","tempfile":"\/tmp\/MOD 2 CLIP 1 LA OBLIGACION DE INFORMAR 21072020.mp4","shortname":"afphabitat","videoservice_storage_provider":5} 
[21-07-2020 19:07:12] API REQUEST ON. RESPONSE. {"Video":{"job_id":"5f173b3c34485ce57b000039","duration":"169.877333","file_name":"MOD 2 CLIP 1 LA OBLIGACION DE INFORMAR 21072020.mp4","storage_provider":"aws_s3"}} 
[21-07-2020 19:07:12] API REQUEST ON. URI.  http://video.classroomtv.com/api/v1/institutions/776/video/upload 
[21-07-2020 19:07:12] API REQUEST ON. DATA. {"id":"776","filename":"M\u00d3DULO 3 - PR\u00c1CTICO V3.mp4","tempfile":"\/tmp\/M\u00d3DULO 3 - PR\u00c1CTICO V3.mp4","shortname":"enami","videoservice_storage_provider":5} 
[21-07-2020 19:07:12] API REQUEST ON. RESPONSE. {"Video":{"job_id":"5f173b7834485cf829000041","duration":"364.010667","file_name":"MÓDULO 3 - PRÁCTICO V3.mp4","storage_provider":"aws_s3"}} 
[21-07-2020 19:07:24] API REQUEST ON. URI.  http://video.classroomtv.com/api/v1/institutions/741/video/upload 
[21-07-2020 19:07:24] API REQUEST ON. DATA. {"id":"741","filename":"MOD 2 CLIP 2 CUMPLIMIENTO NORMATIVO 21072020.mp4","tempfile":"\/tmp\/MOD 2 CLIP 2 CUMPLIMIENTO NORMATIVO 21072020.mp4","shortname":"afphabitat","videoservice_storage_provider":5} 
[21-07-2020 19:07:25] API REQUEST ON. RESPONSE. {"error":"The file isn't a Video"} 
[21-07-2020 19:07:25] ON REQUEST DELETION. 1 
[21-07-2020 19:07:20] API REQUEST ON. URI.  http://video.classroomtv.com/api/v1/institutions/741/video/upload 
[21-07-2020 19:07:20] API REQUEST ON. DATA. {"id":"741","filename":"MOD 2 CLIP 2 CUMPLIMIENTO NORMATIVO 21072020.mp4","tempfile":"\/tmp\/MOD 2 CLIP 2 CUMPLIMIENTO NORMATIVO 21072020.mp4","shortname":"afphabitat","videoservice_storage_provider":5} 
[21-07-2020 19:07:20] API REQUEST ON. RESPONSE. {"Video":{"job_id":"5f17428834485c4d3d000045","duration":"299.840000","file_name":"MOD 2 CLIP 2 CUMPLIMIENTO NORMATIVO 21072020.mp4","storage_provider":"aws_s3"}} 
[21-07-2020 19:07:43] API REQUEST ON. URI.  http://video.classroomtv.com/api/v1/institutions/741/video/upload 
[21-07-2020 19:07:43] API REQUEST ON. DATA. {"id":"741","filename":"MOD 1 CLIP 2 POLITICAS DE CONDUCTA PARA EMPLEADOS DE AFP HABITAT 21072020.mp4","tempfile":"\/tmp\/MOD 1 CLIP 2 POLITICAS DE CONDUCTA PARA EMPLEADOS DE AFP HABITAT 21072020.mp4","shortname":"afphabitat","videoservice_storage_provider":5} 
[21-07-2020 19:07:44] API REQUEST ON. RESPONSE. {"Video":{"job_id":"5f17453434485c939700003d","duration":"216.725333","file_name":"MOD 1 CLIP 2 POLITICAS DE CONDUCTA PARA EMPLEADOS DE AFP HABITAT 21072020.mp4","storage_provider":"aws_s3"}} 
[21-07-2020 20:07:56] API REQUEST ON. URI.  http://video.classroomtv.com/api/v1/institutions/741/video/upload 
[21-07-2020 20:07:56] API REQUEST ON. DATA. {"id":"741","filename":"MOD 1 CLIP 2 TIPOS DE RIESGO 15052020.mp4","tempfile":"\/tmp\/MOD 1 CLIP 2 TIPOS DE RIESGO 15052020.mp4","shortname":"afphabitat","videoservice_storage_provider":5} 
[21-07-2020 20:07:57] API REQUEST ON. RESPONSE. {"Video":{"job_id":"5f17497834485cf829000049","duration":"291.200000","file_name":"MOD 1 CLIP 2 TIPOS DE RIESGO 15052020.mp4","storage_provider":"aws_s3"}} 
[21-07-2020 20:07:54] API REQUEST ON. URI.  http://video.classroomtv.com/api/v1/institutions/741/video/upload 
[21-07-2020 20:07:54] API REQUEST ON. DATA. {"id":"741","filename":"MOD 1 CLIP 2 POLITICAS DE CONDUCTA PARA EMPLEADOS DE AFP HABITAT 21072020 DEF.mp4","tempfile":"\/tmp\/MOD 1 CLIP 2 POLITICAS DE CONDUCTA PARA EMPLEADOS DE AFP HABITAT 21072020 DEF.mp4","shortname":"afphabitat","videoservice_storage_provider":5} 
[21-07-2020 20:07:54] API REQUEST ON. RESPONSE. {"Video":{"job_id":"5f174dea34485cf82900004d","duration":"216.725333","file_name":"MOD 1 CLIP 2 POLITICAS DE CONDUCTA PARA EMPLEADOS DE AFP HABITAT 21072020 DEF.mp4","storage_provider":"aws_s3"}} 
[21-07-2020 20:07:13] API REQUEST ON. URI.  http://video.classroomtv.com/api/v1/institutions/741/video/upload 
[21-07-2020 20:07:13] API REQUEST ON. DATA. {"id":"741","filename":"MOD 1 CLIP 2 POLITICAS DE CONDUCTA PARA EMPLEADOS DE AFP HABITAT 21072020 DEF.mp4","tempfile":"\/tmp\/MOD 1 CLIP 2 POLITICAS DE CONDUCTA PARA EMPLEADOS DE AFP HABITAT 21072020 DEF.mp4","shortname":"afphabitat","videoservice_storage_provider":5} 
[21-07-2020 20:07:14] API REQUEST ON. RESPONSE. {"Video":{"job_id":"5f1751bd34485c58d3000051","duration":"216.725333","file_name":"MOD 1 CLIP 2 POLITICAS DE CONDUCTA PARA EMPLEADOS DE AFP HABITAT 21072020 DEF.mp4","storage_provider":"aws_s3"}} 
[21-07-2020 21:07:13] API REQUEST ON. URI.  http://video.classroomtv.com/api/v1/institutions/48/video/upload 
[21-07-2020 21:07:13] API REQUEST ON. DATA. {"id":"48","filename":"MOD 1 CLIP 2 POLITICAS DE CONDUCTA PARA EMPLEADOS DE AFP HABITAT 21072020 DEF.mp4","tempfile":"\/tmp\/MOD 1 CLIP 2 POLITICAS DE CONDUCTA PARA EMPLEADOS DE AFP HABITAT 21072020 DEF.mp4","shortname":"classroomtv","videoservice_storage_provider":5} 
[21-07-2020 21:07:13] API REQUEST ON. RESPONSE. {"Video":{"job_id":"5f175b1d34485c7ab1000041","duration":"216.725333","file_name":"MOD 1 CLIP 2 POLITICAS DE CONDUCTA PARA EMPLEADOS DE AFP HABITAT 21072020 DEF.mp4","storage_provider":"aws_s3"}} 
[21-07-2020 22:07:54] API REQUEST ON. URI.  http://video.classroomtv.com/api/v1/institutions/776/video/upload 
[21-07-2020 22:07:54] API REQUEST ON. DATA. {"id":"776","filename":"ENAMI - PIROMETALURGIA - C4 Fusi\u00f3n de Concentrados.mp4","tempfile":"\/tmp\/ENAMI - PIROMETALURGIA - C4 Fusi\u00f3n de Concentrados.mp4","shortname":"enami","videoservice_storage_provider":5} 
[21-07-2020 22:07:54] API REQUEST ON. RESPONSE. {"Video":{"job_id":"5f176a4634485c4bb9000061","duration":"109.760000","file_name":"ENAMI - PIROMETALURGIA - C4 Fusión de Concentrados.mp4","storage_provider":"aws_s3"}} 
[21-07-2020 22:07:30] API REQUEST ON. URI.  http://video.classroomtv.com/api/v1/institutions/776/video/upload 
[21-07-2020 22:07:30] API REQUEST ON. DATA. {"id":"776","filename":"ENAMI - PIROMETALURGIA - C5 Conversi\u00f3n de Metal Blanco.mp4","tempfile":"\/tmp\/ENAMI - PIROMETALURGIA - C5 Conversi\u00f3n de Metal Blanco.mp4","shortname":"enami","videoservice_storage_provider":5} 
[21-07-2020 22:07:31] API REQUEST ON. RESPONSE. {"Video":{"job_id":"5f176c8734485c292a000049","duration":"95.808000","file_name":"ENAMI - PIROMETALURGIA - C5 Conversión de Metal Blanco.mp4","storage_provider":"aws_s3"}} 
[21-07-2020 22:07:09] API REQUEST ON. URI.  http://video.classroomtv.com/api/v1/institutions/776/video/upload 
[21-07-2020 22:07:09] API REQUEST ON. DATA. {"id":"776","filename":"ENAMI - PIROMETALURGIA - C6 Refino a Fuego.mp4","tempfile":"\/tmp\/ENAMI - PIROMETALURGIA - C6 Refino a Fuego.mp4","shortname":"enami","videoservice_storage_provider":5} 
[21-07-2020 22:07:10] API REQUEST ON. RESPONSE. {"Video":{"job_id":"5f176ff534485c390400004d","duration":"97.941333","file_name":"ENAMI - PIROMETALURGIA - C6 Refino a Fuego.mp4","storage_provider":"aws_s3"}} 
[21-07-2020 23:07:49] ON REQUEST DELETION. 1 
[21-07-2020 23:07:12] API REQUEST ON. URI.  http://video.classroomtv.com/api/v1/institutions/741/video/upload 
[21-07-2020 23:07:12] API REQUEST ON. DATA. {"id":"741","filename":"MOD 2 CLIP 1 ETAPAS DE LOS RIESGOS OPERACIONALES 15052020.mp4","tempfile":"\/tmp\/MOD 2 CLIP 1 ETAPAS DE LOS RIESGOS OPERACIONALES 15052020.mp4","shortname":"afphabitat","videoservice_storage_provider":5} 
[21-07-2020 23:07:13] API REQUEST ON. RESPONSE. {"error":"The file isn't a Video"} 
[21-07-2020 23:07:13] ON REQUEST DELETION. 1 
[21-07-2020 23:07:54] API REQUEST ON. URI.  http://video.classroomtv.com/api/v1/institutions/775/video/upload 
[21-07-2020 23:07:54] API REQUEST ON. DATA. {"id":"775","filename":"ENAMI - PIROMETALURGIA - C8 Plantas de \u00e1cido.mp4","tempfile":"\/tmp\/ENAMI - PIROMETALURGIA - C8 Plantas de \u00e1cido.mp4","shortname":"av","videoservice_storage_provider":5} 
[21-07-2020 23:07:54] API REQUEST ON. RESPONSE. {"Video":{"job_id":"5f177d4234485c939700005d","duration":"118.165333","file_name":"ENAMI - PIROMETALURGIA - C8 Plantas de ácido.mp4","storage_provider":"aws_s3"}} 
[21-07-2020 23:07:06] API REQUEST ON. URI.  http://video.classroomtv.com/api/v1/institutions/741/video/upload 
[21-07-2020 23:07:06] API REQUEST ON. DATA. {"id":"741","filename":"MOD 2 CLIP 1 ETAPAS DE LOS RIESGOS OPERACIONALES 15052020.mp4","tempfile":"\/tmp\/MOD 2 CLIP 1 ETAPAS DE LOS RIESGOS OPERACIONALES 15052020.mp4","shortname":"afphabitat","videoservice_storage_provider":5} 
[21-07-2020 23:07:07] API REQUEST ON. RESPONSE. {"Video":{"job_id":"5f177d4e34485c33f7000061","duration":"280.320000","file_name":"MOD 2 CLIP 1 ETAPAS DE LOS RIESGOS OPERACIONALES 15052020.mp4","storage_provider":"aws_s3"}} 
[22-07-2020 14:07:21] API REQUEST ON. URI.  http://video.classroomtv.com/api/v1/institutions/48/video/upload 
[22-07-2020 14:07:21] API REQUEST ON. DATA. {"id":"48","filename":"TRANSELEC-TUTORIAL-SGC-C3- tiempos-de-respuesta-corregido.mp4","tempfile":"\/tmp\/TRANSELEC-TUTORIAL-SGC-C3- tiempos-de-respuesta-corregido.mp4","shortname":"classroomtv","videoservice_storage_provider":5} 
[22-07-2020 14:07:22] API REQUEST ON. RESPONSE. {"Video":{"job_id":"5f184b9d34485ce57b000065","duration":"190.165333","file_name":"TRANSELEC-TUTORIAL-SGC-C3- tiempos-de-respuesta-corregido.mp4","storage_provider":"aws_s3"}} 
[22-07-2020 15:07:49] ON REQUEST DELETION. 1 
[22-07-2020 15:07:51] ON REQUEST DELETION. 1 
[23-07-2020 18:07:32] API REQUEST ON. URI.  http://video.classroomtv.com/api/v1/institutions/115/video/upload 
[23-07-2020 18:07:32] API REQUEST ON. DATA. {"id":"115","filename":"zoom_0.mp4","tempfile":"\/tmp\/zoom_0.mp4","shortname":"postgradosudp","videoservice_storage_provider":5} 
[23-07-2020 18:07:33] API REQUEST ON. RESPONSE. {"Video":{"job_id":"5f19d87534485cb7f800006d","duration":"1477.200000","file_name":"zoom_0.mp4","storage_provider":"aws_s3"}} 
[23-07-2020 20:07:36] API REQUEST ON. URI.  http://video.classroomtv.com/api/v1/institutions/776/video/upload 
[23-07-2020 20:07:36] API REQUEST ON. DATA. {"id":"776","filename":"ENAMI - PIROMETALURGIA - C4 Fusi\u00f3n de Concentrados V2.mp4","tempfile":"\/tmp\/ENAMI - PIROMETALURGIA - C4 Fusi\u00f3n de Concentrados V2.mp4","shortname":"enami","videoservice_storage_provider":5} 
[23-07-2020 20:07:37] API REQUEST ON. RESPONSE. {"Video":{"job_id":"5f19f09c34485c58d300006d","duration":"97.408000","file_name":"ENAMI - PIROMETALURGIA - C4 Fusión de Concentrados V2.mp4","storage_provider":"aws_s3"}} 
[23-07-2020 20:07:09] API REQUEST ON. URI.  http://video.classroomtv.com/api/v1/institutions/775/video/upload 
[23-07-2020 20:07:09] API REQUEST ON. DATA. {"id":"775","filename":"ENAMI - PIROMETALURGIA - C5 Conversi\u00f3n de Metal Blanco V2.mp4","tempfile":"\/tmp\/ENAMI - PIROMETALURGIA - C5 Conversi\u00f3n de Metal Blanco V2.mp4","shortname":"av","videoservice_storage_provider":5} 
[23-07-2020 20:07:09] API REQUEST ON. RESPONSE. {"Video":{"job_id":"5f19f3c934485cb67f00007d","duration":"84.266667","file_name":"ENAMI - PIROMETALURGIA - C5 Conversión de Metal Blanco V2.mp4","storage_provider":"aws_s3"}} 
[23-07-2020 20:07:09] API REQUEST ON. URI.  http://video.classroomtv.com/api/v1/institutions/775/video/upload 
[23-07-2020 20:07:09] API REQUEST ON. DATA. {"id":"775","filename":"ENAMI - PIROMETALURGIA - C8 Plantas de \u00e1cido V2.mp4","tempfile":"\/tmp\/ENAMI - PIROMETALURGIA - C8 Plantas de \u00e1cido V2.mp4","shortname":"av","videoservice_storage_provider":5} 
[23-07-2020 20:07:09] API REQUEST ON. RESPONSE. {"Video":{"job_id":"5f19f92d34485c969d000075","duration":"106.816000","file_name":"ENAMI - PIROMETALURGIA - C8 Plantas de ácido V2.mp4","storage_provider":"aws_s3"}} 
[23-07-2020 22:07:32] ON REQUEST DELETION. 1 
[23-07-2020 23:07:30] API REQUEST ON. URI.  http://video.classroomtv.com/api/v1/institutions/776/video/upload 
[23-07-2020 23:07:30] API REQUEST ON. DATA. {"id":"776","filename":"ENAMI - PIROMETALURGIA - C6 Refino a Fuego V2.mp4","tempfile":"\/tmp\/ENAMI - PIROMETALURGIA - C6 Refino a Fuego V2.mp4","shortname":"enami","videoservice_storage_provider":5} 
[23-07-2020 23:07:30] API REQUEST ON. RESPONSE. {"Video":{"job_id":"5f1a233634485c7ab1000085","duration":"84.629333","file_name":"ENAMI - PIROMETALURGIA - C6 Refino a Fuego V2.mp4","storage_provider":"aws_s3"}} 
[24-07-2020 00:07:36] API REQUEST ON. URI.  http://video.classroomtv.com/api/v1/institutions/776/video/upload 
[24-07-2020 00:07:36] API REQUEST ON. DATA. {"id":"776","filename":"ENAMI - PIROMETALURGIA - C4 Fusi\u00f3n de Concentrados V2.mp4","tempfile":"\/tmp\/ENAMI - PIROMETALURGIA - C4 Fusi\u00f3n de Concentrados V2.mp4","shortname":"enami","videoservice_storage_provider":5} 
[24-07-2020 00:07:36] API REQUEST ON. RESPONSE. {"Video":{"job_id":"5f1a309834485c25f4000089","duration":"97.408000","file_name":"ENAMI - PIROMETALURGIA - C4 Fusión de Concentrados V2.mp4","storage_provider":"aws_s3"}} 
[24-07-2020 12:07:28] ON REQUEST DELETION. 1 
[24-07-2020 14:07:05] API REQUEST ON. URI.  http://video.classroomtv.com/api/v1/institutions/782/video/upload 
[24-07-2020 14:07:05] API REQUEST ON. DATA. {"id":"782","filename":"confuturo inversiones 8Mb   21 07 2020  - 21 julio 2020 - 02-36-52 .mp4","tempfile":"\/tmp\/confuturo inversiones 8Mb   21 07 2020  - 21 julio 2020 - 02-36-52 .mp4","shortname":"capacitacionconfuturo","videoservice_storage_provider":5} 
[24-07-2020 14:07:05] API REQUEST ON. RESPONSE. {"error":"The file isn't a Video"} 
[24-07-2020 14:07:05] ON REQUEST DELETION. 1 
[24-07-2020 15:07:34] API REQUEST ON. URI.  http://video.classroomtv.com/api/v1/institutions/775/video/upload 
[24-07-2020 15:07:34] API REQUEST ON. DATA. {"id":"775","filename":"ENAMI - PIROMETALURGIA - C4 Fusi\u00f3n de Concentrados V2.mp4","tempfile":"\/tmp\/ENAMI - PIROMETALURGIA - C4 Fusi\u00f3n de Concentrados V2.mp4","shortname":"av","videoservice_storage_provider":5} 
[24-07-2020 15:07:35] API REQUEST ON. RESPONSE. {"Video":{"job_id":"5f1af93734485c36ce00007d","duration":"97.408000","file_name":"ENAMI - PIROMETALURGIA - C4 Fusión de Concentrados V2.mp4","storage_provider":"aws_s3"}} 
[24-07-2020 15:07:49] API REQUEST ON. URI.  http://video.classroomtv.com/api/v1/institutions/782/video/upload 
[24-07-2020 15:07:49] API REQUEST ON. DATA. {"id":"782","filename":"confuturo inversiones 8Mb   21 07 2020  - 21 julio 2020 - 02-36-52 .mp4","tempfile":"\/tmp\/confuturo inversiones 8Mb   21 07 2020  - 21 julio 2020 - 02-36-52 .mp4","shortname":"capacitacionconfuturo","videoservice_storage_provider":5} 
[24-07-2020 15:07:50] API REQUEST ON. RESPONSE. {"Video":{"job_id":"5f1b044934485c471c000081","duration":"3905.430000","file_name":"confuturo inversiones 8Mb   21 07 2020  - 21 julio 2020 - 02-36-52 .mp4","storage_provider":"aws_s3"}} 
[27-07-2020 14:07:53] API REQUEST ON. URI.  http://video.classroomtv.com/api/v1/institutions/785/video/upload 
[27-07-2020 14:07:53] API REQUEST ON. DATA. {"id":"785","filename":"telemedicina completa.mp4","tempfile":"\/tmp\/telemedicina completa.mp4","shortname":"clinicauandes","videoservice_storage_provider":5} 
[27-07-2020 14:07:53] API REQUEST ON. RESPONSE. {"Video":{"job_id":"5f1ee4a534485cc97200008d","duration":"339.000000","file_name":"telemedicina completa.mp4","storage_provider":"aws_s3"}} 
[27-07-2020 21:07:05] ON REQUEST DELETION. 1 
[27-07-2020 22:07:21] API REQUEST ON. URI.  http://video.classroomtv.com/api/v1/institutions/798/video/upload 
[27-07-2020 22:07:21] API REQUEST ON. DATA. {"id":"798","filename":"CONFUTURO - ACTIVA TU MENTE + CORRECCIONES.mp4","tempfile":"\/tmp\/CONFUTURO - ACTIVA TU MENTE + CORRECCIONES.mp4","shortname":"confuturo","videoservice_storage_provider":5} 
[27-07-2020 22:07:22] API REQUEST ON. RESPONSE. {"Video":{"job_id":"5f1f545234485c33f7000091","duration":"296.789333","file_name":"CONFUTURO - ACTIVA TU MENTE + CORRECCIONES.mp4","storage_provider":"aws_s3"}} 
[30-07-2020 12:07:30] API REQUEST ON. URI.  http://video.classroomtv.com/api/v1/institutions/48/video/upload 
[30-07-2020 12:07:30] API REQUEST ON. DATA. {"id":"48","filename":"TRANSELEC-TUTORIAL-SGC-C3- tiempos-de-respuesta-corregido.mp4","tempfile":"\/tmp\/TRANSELEC-TUTORIAL-SGC-C3- tiempos-de-respuesta-corregido.mp4","shortname":"classroomtv","videoservice_storage_provider":5} 
[30-07-2020 12:07:31] API REQUEST ON. RESPONSE. {"Video":{"job_id":"5f22b96a34485c448f0000a1","duration":"190.165333","file_name":"TRANSELEC-TUTORIAL-SGC-C3- tiempos-de-respuesta-corregido.mp4","storage_provider":"aws_s3"}} 
[31-07-2020 13:07:07] API REQUEST ON. URI.  http://video.classroomtv.com/api/v1/institutions/653/video/upload 
[31-07-2020 13:07:07] API REQUEST ON. DATA. {"id":"653","filename":"TRANSELEC - TUTORIAL SGC - C1 V6.mp4","tempfile":"\/tmp\/TRANSELEC - TUTORIAL SGC - C1 V6.mp4","shortname":"transelec","videoservice_storage_provider":5} 
[31-07-2020 13:07:08] API REQUEST ON. RESPONSE. {"Video":{"job_id":"5f241a1034485c969d000095","duration":"139.242667","file_name":"TRANSELEC - TUTORIAL SGC - C1 V6.mp4","storage_provider":"aws_s3"}} 
[31-07-2020 13:07:30] API REQUEST ON. URI.  http://video.classroomtv.com/api/v1/institutions/653/video/upload 
[31-07-2020 13:07:30] API REQUEST ON. DATA. {"id":"653","filename":"TRANSELEC - TUTORIAL SGC - C3 V6.mp4","tempfile":"\/tmp\/TRANSELEC - TUTORIAL SGC - C3 V6.mp4","shortname":"transelec","videoservice_storage_provider":5} 
[31-07-2020 13:07:30] API REQUEST ON. RESPONSE. {"Video":{"job_id":"5f241c7e34485c4d3d000099","duration":"224.725333","file_name":"TRANSELEC - TUTORIAL SGC - C3 V6.mp4","storage_provider":"aws_s3"}} 
[04-08-2020 00:08:32] API REQUEST ON. URI.  http://video.classroomtv.com/api/v1/institutions/807/video/upload 
[04-08-2020 00:08:32] API REQUEST ON. DATA. {"id":"807","filename":"Video 1.mp4","tempfile":"\/tmp\/Video 1.mp4","shortname":"capacitacion","videoservice_storage_provider":5} 
[04-08-2020 00:08:32] API REQUEST ON. RESPONSE. {"Video":{"job_id":"5f28b02434485cc0530000a1","duration":"337.216000","file_name":"Video 1.mp4","storage_provider":"aws_s3"}} 
[04-08-2020 01:08:31] ON REQUEST DELETION. 1 
[04-08-2020 14:08:27] API REQUEST ON. URI.  http://video.classroomtv.com/api/v1/institutions/807/video/upload 
[04-08-2020 14:08:27] API REQUEST ON. DATA. {"id":"807","filename":"Instruduccio\u0301n.mp4","tempfile":"\/tmp\/Instruduccio\u0301n.mp4","shortname":"capacitacion","videoservice_storage_provider":5} 
[04-08-2020 14:08:27] API REQUEST ON. RESPONSE. {"Video":{"job_id":"5f29739734485cc9720000ad","duration":"337.216000","file_name":"Instruducción.mp4","storage_provider":"aws_s3"}} 
[04-08-2020 23:08:54] API REQUEST ON. URI.  http://video.classroomtv.com/api/v1/institutions/807/video/upload 
[04-08-2020 23:08:54] API REQUEST ON. DATA. {"id":"807","filename":"CERP SECC - Herramientas para el teletrabajo eficaz V2.mp4","tempfile":"\/tmp\/CERP SECC - Herramientas para el teletrabajo eficaz V2.mp4","shortname":"capacitacion","videoservice_storage_provider":5} 
[04-08-2020 23:08:55] API REQUEST ON. RESPONSE. {"Video":{"job_id":"5f29f06334485c189e000001","duration":"695.040000","file_name":"CERP SECC - Herramientas para el teletrabajo eficaz V2.mp4","storage_provider":"aws_s3"}} 
[05-08-2020 00:08:47] ON REQUEST DELETION. 1 
[05-08-2020 14:08:37] API REQUEST ON. URI.  http://video.classroomtv.com/api/v1/institutions/807/video/upload 
[05-08-2020 14:08:37] API REQUEST ON. DATA. {"id":"807","filename":"CERP SECC - Herramientas para el teletrabajo eficaz V3.mp4","tempfile":"\/tmp\/CERP SECC - Herramientas para el teletrabajo eficaz V3.mp4","shortname":"capacitacion","videoservice_storage_provider":5} 
[05-08-2020 14:08:38] API REQUEST ON. RESPONSE. {"Video":{"job_id":"5f2abbfe34485c7cfd000005","duration":"689.194667","file_name":"CERP SECC - Herramientas para el teletrabajo eficaz V3.mp4","storage_provider":"aws_s3"}} 
[05-08-2020 14:08:39] API REQUEST ON. URI.  http://video.classroomtv.com/api/v1/institutions/807/video/upload 
[05-08-2020 14:08:39] API REQUEST ON. DATA. {"id":"807","filename":"CERP SECC - Herramientas para el teletrabajo eficaz V3.mp4","tempfile":"\/tmp\/CERP SECC - Herramientas para el teletrabajo eficaz V3.mp4","shortname":"capacitacion","videoservice_storage_provider":5} 
[05-08-2020 14:08:40] API REQUEST ON. RESPONSE. {"Video":{"job_id":"5f2abfc034485c2eba000009","duration":"689.194667","file_name":"CERP SECC - Herramientas para el teletrabajo eficaz V3.mp4","storage_provider":"aws_s3"}} 
[05-08-2020 14:08:12] API REQUEST ON. URI.  http://video.classroomtv.com/api/v1/institutions/807/video/upload 
[05-08-2020 14:08:12] API REQUEST ON. DATA. {"id":"807","filename":"CERP SECC - Herramientas para el teletrabajo eficaz V3.mp4","tempfile":"\/tmp\/CERP SECC - Herramientas para el teletrabajo eficaz V3.mp4","shortname":"capacitacion","videoservice_storage_provider":5} 
[05-08-2020 14:08:13] API REQUEST ON. RESPONSE. {"Video":{"job_id":"5f2ac32934485ccf69000005","duration":"689.194667","file_name":"CERP SECC - Herramientas para el teletrabajo eficaz V3.mp4","storage_provider":"aws_s3"}} 
[05-08-2020 15:08:50] ON REQUEST DELETION. 1 
[05-08-2020 15:08:39] ON REQUEST DELETION. 1 
[05-08-2020 15:08:05] ON REQUEST DELETION. 1 
[05-08-2020 15:08:14] API REQUEST ON. URI.  http://video.classroomtv.com/api/v1/institutions/807/video/upload 
[05-08-2020 15:08:14] API REQUEST ON. DATA. {"id":"807","filename":"CERP SECC - Herramientas para el teletrabajo eficaz V3.mp4","tempfile":"\/tmp\/CERP SECC - Herramientas para el teletrabajo eficaz V3.mp4","shortname":"capacitacion","videoservice_storage_provider":5} 
[05-08-2020 15:08:14] API REQUEST ON. RESPONSE. {"error":"The file isn't a Video"} 
[05-08-2020 15:08:14] ON REQUEST DELETION. 1 
[05-08-2020 16:08:23] API REQUEST ON. URI.  http://video.classroomtv.com/api/v1/institutions/48/video/upload 
[05-08-2020 16:08:23] API REQUEST ON. DATA. {"id":"48","filename":"TRANSELEC - TUTORIAL SGC - C1 V6.mp4","tempfile":"\/tmp\/TRANSELEC - TUTORIAL SGC - C1 V6.mp4","shortname":"classroomtv","videoservice_storage_provider":5} 
[05-08-2020 16:08:23] API REQUEST ON. RESPONSE. {"error":"The file isn't a Video"} 
[05-08-2020 16:08:24] ON REQUEST DELETION. 1 
[05-08-2020 17:08:09] API REQUEST ON. URI.  http://video.classroomtv.com/api/v1/institutions/48/video/upload 
[05-08-2020 17:08:09] API REQUEST ON. DATA. {"id":"48","filename":"TRANSELEC - TUTORIAL SGC - C1 V6.mp4","tempfile":"\/tmp\/TRANSELEC - TUTORIAL SGC - C1 V6.mp4","shortname":"classroomtv","videoservice_storage_provider":5} 
[05-08-2020 17:08:09] API REQUEST ON. RESPONSE. {"Video":{"job_id":"5f2aeca134485ccf86000009","duration":"139.242667","file_name":"TRANSELEC - TUTORIAL SGC - C1 V6.mp4","storage_provider":"aws_s3"}} 
[05-08-2020 18:08:19] ON REQUEST DELETION. 1 
[05-08-2020 21:08:26] API REQUEST ON. URI.  http://video.classroomtv.com/api/v1/institutions/807/video/upload 
[05-08-2020 21:08:26] API REQUEST ON. DATA. {"id":"807","filename":"CERP SECC - Herramientas para el teletrabajo eficaz V4.mp4","tempfile":"\/tmp\/CERP SECC - Herramientas para el teletrabajo eficaz V4.mp4","shortname":"capacitacion","videoservice_storage_provider":5} 
[05-08-2020 21:08:26] API REQUEST ON. RESPONSE. {"Video":{"job_id":"5f2b1e9e34485c6be000000d","duration":"689.194667","file_name":"CERP SECC - Herramientas para el teletrabajo eficaz V4.mp4","storage_provider":"aws_s3"}} 
[05-08-2020 21:08:54] ON REQUEST DELETION. 1 
[05-08-2020 21:08:01] ON REQUEST DELETION. 1 
[05-08-2020 21:08:57] API REQUEST ON. URI.  http://video.classroomtv.com/api/v1/institutions/807/video/upload 
[05-08-2020 21:08:57] API REQUEST ON. DATA. {"id":"807","filename":"CERP SECC - Herramientas para el teletrabajo eficaz V4.mp4","tempfile":"\/tmp\/CERP SECC - Herramientas para el teletrabajo eficaz V4.mp4","shortname":"capacitacion","videoservice_storage_provider":5} 
[05-08-2020 21:08:57] API REQUEST ON. RESPONSE. {"error":"The file isn't a Video"} 
[05-08-2020 21:08:57] ON REQUEST DELETION. 1 
[05-08-2020 23:08:39] ON REQUEST DELETION. 1 
[05-08-2020 23:08:12] ON REQUEST DELETION. 1 
[05-08-2020 23:08:35] API REQUEST ON. URI.  http://video.classroomtv.com/api/v1/institutions/807/video/upload 
[05-08-2020 23:08:35] API REQUEST ON. DATA. {"id":"807","filename":"CERP SECC - Herramientas para el teletrabajo eficaz V4.mp4","tempfile":"\/tmp\/CERP SECC - Herramientas para el teletrabajo eficaz V4.mp4","shortname":"capacitacion","videoservice_storage_provider":5} 
[05-08-2020 23:08:35] API REQUEST ON. RESPONSE. {"Video":{"job_id":"5f2b40df34485c954d00000d","duration":"689.194667","file_name":"CERP SECC - Herramientas para el teletrabajo eficaz V4.mp4","storage_provider":"aws_s3"}} 
[06-08-2020 15:08:55] API REQUEST ON. URI.  http://video.classroomtv.com/api/v1/institutions/746/video/upload 
[06-08-2020 15:08:55] API REQUEST ON. DATA. {"id":"746","filename":"1.- okFRANCISCO UNDA - COLABORACION FORUS.mp4","tempfile":"\/tmp\/1.- okFRANCISCO UNDA - COLABORACION FORUS.mp4","shortname":"forus","videoservice_storage_provider":5} 
[06-08-2020 15:08:55] API REQUEST ON. RESPONSE. {"Video":{"job_id":"5f2c253b34485c60e0000001","duration":"223.765208","file_name":"1.- okFRANCISCO UNDA - COLABORACION FORUS.mp4","storage_provider":"aws_s3"}} 
[06-08-2020 15:08:36] API REQUEST ON. URI.  http://video.classroomtv.com/api/v1/institutions/746/video/upload 
[06-08-2020 15:08:36] API REQUEST ON. DATA. {"id":"746","filename":"2.- FRANCISCO UNDA - CREENCIAS LIMITANTES E IMPULSADORAS.mp4","tempfile":"\/tmp\/2.- FRANCISCO UNDA - CREENCIAS LIMITANTES E IMPULSADORAS.mp4","shortname":"forus","videoservice_storage_provider":5} 
[06-08-2020 15:08:36] API REQUEST ON. RESPONSE. {"Video":{"job_id":"5f2c27bc34485cd89d000001","duration":"232.232000","file_name":"2.- FRANCISCO UNDA - CREENCIAS LIMITANTES E IMPULSADORAS.mp4","storage_provider":"aws_s3"}} 
[06-08-2020 16:08:22] ON REQUEST DELETION. 1 
[06-08-2020 16:08:22] API REQUEST ON. URI.  http://video.classroomtv.com/api/v1/institutions/746/video/upload 
[06-08-2020 16:08:22] API REQUEST ON. DATA. {"id":"746","filename":"3.-FRANCISCO UNDA - EL LENGUAJE CREA REALIDADES FORUS.mp4","tempfile":"\/tmp\/3.-FRANCISCO UNDA - EL LENGUAJE CREA REALIDADES FORUS.mp4","shortname":"forus","videoservice_storage_provider":5} 
[06-08-2020 16:08:22] API REQUEST ON. RESPONSE. {"Video":{"job_id":"5f2c2dc634485c9250000005","duration":"253.169583","file_name":"3.-FRANCISCO UNDA - EL LENGUAJE CREA REALIDADES FORUS.mp4","storage_provider":"aws_s3"}} 
[06-08-2020 17:08:07] ON REQUEST DELETION. 1 
[06-08-2020 17:08:55] API REQUEST ON. URI.  http://video.classroomtv.com/api/v1/institutions/746/video/upload 
[06-08-2020 17:08:55] API REQUEST ON. DATA. {"id":"746","filename":"4.-FRANCISCO UNDA - EL PODER DE UNA CONVERSACION FORUS.mp4","tempfile":"\/tmp\/4.-FRANCISCO UNDA - EL PODER DE UNA CONVERSACION FORUS.mp4","shortname":"forus","videoservice_storage_provider":5} 
[06-08-2020 17:08:55] API REQUEST ON. RESPONSE. {"Video":{"job_id":"5f2c3d5f34485ccf9e000005","duration":"242.659083","file_name":"4.-FRANCISCO UNDA - EL PODER DE UNA CONVERSACION FORUS.mp4","storage_provider":"aws_s3"}} 
[06-08-2020 17:08:46] API REQUEST ON. URI.  http://video.classroomtv.com/api/v1/institutions/746/video/upload 
[06-08-2020 17:08:46] API REQUEST ON. DATA. {"id":"746","filename":"5.-FRANCISCO UNDA - INTELIGENCIA EMOCIONAL FORUS.mp4","tempfile":"\/tmp\/5.-FRANCISCO UNDA - INTELIGENCIA EMOCIONAL FORUS.mp4","shortname":"forus","videoservice_storage_provider":5} 
[06-08-2020 17:08:46] API REQUEST ON. RESPONSE. {"Video":{"job_id":"5f2c402634485ca4cb000009","duration":"197.655792","file_name":"5.-FRANCISCO UNDA - INTELIGENCIA EMOCIONAL FORUS.mp4","storage_provider":"aws_s3"}} 
[06-08-2020 18:08:24] ON REQUEST DELETION. 1 
[06-08-2020 19:08:29] API REQUEST ON. URI.  http://video.classroomtv.com/api/v1/institutions/746/video/upload 
[06-08-2020 19:08:29] API REQUEST ON. DATA. {"id":"746","filename":"6.- FRANCISCO UNDA - LOCUS DE CONTROL FORUS.mp4","tempfile":"\/tmp\/6.- FRANCISCO UNDA - LOCUS DE CONTROL FORUS.mp4","shortname":"forus","videoservice_storage_provider":5} 
[06-08-2020 19:08:29] API REQUEST ON. RESPONSE. {"Video":{"job_id":"5f2c538934485ccd61000009","duration":"257.924333","file_name":"6.- FRANCISCO UNDA - LOCUS DE CONTROL FORUS.mp4","storage_provider":"aws_s3"}} 
[06-08-2020 19:08:45] ON REQUEST DELETION. 1 
[06-08-2020 19:08:25] API REQUEST ON. URI.  http://video.classroomtv.com/api/v1/institutions/746/video/upload 
[06-08-2020 19:08:25] API REQUEST ON. DATA. {"id":"746","filename":"HOMEOFFICE replica.mp4","tempfile":"\/tmp\/HOMEOFFICE replica.mp4","shortname":"forus","videoservice_storage_provider":5} 
[06-08-2020 19:08:26] API REQUEST ON. RESPONSE. {"error":"The file isn't a Video"} 
[06-08-2020 19:08:26] ON REQUEST DELETION. 1 
[06-08-2020 20:08:05] API REQUEST ON. URI.  http://video.classroomtv.com/api/v1/institutions/746/video/upload 
[06-08-2020 20:08:05] API REQUEST ON. DATA. {"id":"746","filename":"HOMEOFFICE SALUDABLE.mp4","tempfile":"\/tmp\/HOMEOFFICE SALUDABLE.mp4","shortname":"forus","videoservice_storage_provider":5} 
[06-08-2020 20:08:06] API REQUEST ON. RESPONSE. {"Video":{"job_id":"5f2c65f634485cae0600000d","duration":"285.368417","file_name":"HOMEOFFICE SALUDABLE.mp4","storage_provider":"aws_s3"}} 
[06-08-2020 21:08:09] ON REQUEST DELETION. 1 
[06-08-2020 21:08:37] API REQUEST ON. URI.  http://video.classroomtv.com/api/v1/institutions/746/video/upload 
[06-08-2020 21:08:37] API REQUEST ON. DATA. {"id":"746","filename":"HOMEOFFICE Y ALINEACIO\u0301N DE EQUIPOS.mp4","tempfile":"\/tmp\/HOMEOFFICE Y ALINEACIO\u0301N DE EQUIPOS.mp4","shortname":"forus","videoservice_storage_provider":5} 
[06-08-2020 21:08:37] API REQUEST ON. RESPONSE. {"Video":{"job_id":"5f2c764134485cfa10000011","duration":"180.889042","file_name":"HOMEOFFICE Y ALINEACIÓN DE EQUIPOS.mp4","storage_provider":"aws_s3"}} 
[07-08-2020 14:08:58] API REQUEST ON. URI.  http://video.classroomtv.com/api/v1/institutions/653/video/upload 
[07-08-2020 14:08:58] API REQUEST ON. DATA. {"id":"653","filename":"TRANSELEC - TUTORIAL SGC - C3 Tiempos de respuesta V7.mp4","tempfile":"\/tmp\/TRANSELEC - TUTORIAL SGC - C3 Tiempos de respuesta V7.mp4","shortname":"transelec","videoservice_storage_provider":5} 
[07-08-2020 14:08:58] API REQUEST ON. RESPONSE. {"Video":{"job_id":"5f2d5e9a34485c740a000019","duration":"241.514667","file_name":"TRANSELEC - TUTORIAL SGC - C3 Tiempos de respuesta V7.mp4","storage_provider":"aws_s3"}} 
[07-08-2020 15:08:21] API REQUEST ON. URI.  http://video.classroomtv.com/api/v1/institutions/677/video/upload 
[07-08-2020 15:08:21] API REQUEST ON. DATA. {"id":"677","filename":"M\u00f3dulo 1 - Clip 1.mp4","tempfile":"\/tmp\/M\u00f3dulo 1 - Clip 1.mp4","shortname":"teleton","videoservice_storage_provider":5} 
[07-08-2020 15:08:21] API REQUEST ON. RESPONSE. {"Video":{"job_id":"5f2d79a534485c2bb0000015","duration":"564.310000","file_name":"Módulo 1 - Clip 1.mp4","storage_provider":"aws_s3"}} 
[07-08-2020 18:08:51] API REQUEST ON. URI.  http://video.classroomtv.com/api/v1/institutions/746/video/upload 
[07-08-2020 18:08:51] API REQUEST ON. DATA. {"id":"746","filename":"Reimaginar nuestro camino.mp4","tempfile":"\/tmp\/Reimaginar nuestro camino.mp4","shortname":"forus","videoservice_storage_provider":5} 
[07-08-2020 18:08:52] API REQUEST ON. RESPONSE. {"Video":{"job_id":"5f2d9b4734485ca4cb00001d","duration":"3444.280000","file_name":"Reimaginar nuestro camino.mp4","storage_provider":"aws_s3"}} 
[08-08-2020 17:08:26] API REQUEST ON. URI.  http://video.classroomtv.com/api/v1/institutions/12/video/upload 
[08-08-2020 17:08:26] API REQUEST ON. DATA. {"id":"12","filename":"zoom eje II.mp4","tempfile":"\/tmp\/zoom eje II.mp4","shortname":"extpuc","videoservice_storage_provider":5} 
[08-08-2020 17:08:27] API REQUEST ON. RESPONSE. {"Video":{"job_id":"5f2edaa334485cd89d000021","duration":"5328.760000","file_name":"zoom eje II.mp4","storage_provider":"aws_s3"}} 
[10-08-2020 14:08:15] API REQUEST ON. URI.  http://video.classroomtv.com/api/v1/institutions/776/video/upload 
[10-08-2020 14:08:15] API REQUEST ON. DATA. {"id":"776","filename":"ENAMI - SISTEMA DE GESTI\u00d3N DEL DESEMPE\u00d1O - M\u00d3DULO I Introducci\u00f3n al Sistema de Gesti\u00f3n del Desempe\u00f1o.mp4","tempfile":"\/tmp\/ENAMI - SISTEMA DE GESTI\u00d3N DEL DESEMPE\u00d1O - M\u00d3DULO I Introducci\u00f3n al Sistema de Gesti\u00f3n del Desempe\u00f1o.mp4","shortname":"enami","videoservice_storage_provider":5} 
[10-08-2020 14:08:15] API REQUEST ON. RESPONSE. {"Video":{"job_id":"5f31554734485c2cd4000021","duration":"445.440000","file_name":"ENAMI - SISTEMA DE GESTIÓN DEL DESEMPEÑO - MÓDULO I Introducción al Sistema de Gestión del Desempeño.mp4","storage_provider":"aws_s3"}} 
[10-08-2020 15:08:34] API REQUEST ON. URI.  http://video.classroomtv.com/api/v1/institutions/776/video/upload 
[10-08-2020 15:08:34] API REQUEST ON. DATA. {"id":"776","filename":"ENAMI - SISTEMA DE GESTI\u00d3N DEL DESEMPE\u00d1O - M3 C1 Casos Pr\u00e1cticos.mp4","tempfile":"\/tmp\/ENAMI - SISTEMA DE GESTI\u00d3N DEL DESEMPE\u00d1O - M3 C1 Casos Pr\u00e1cticos.mp4","shortname":"enami","videoservice_storage_provider":5} 
[10-08-2020 15:08:34] API REQUEST ON. RESPONSE. {"Video":{"job_id":"5f31641e34485c698f000025","duration":"364.053333","file_name":"ENAMI - SISTEMA DE GESTIÓN DEL DESEMPEÑO - M3 C1 Casos Prácticos.mp4","storage_provider":"aws_s3"}} 
[10-08-2020 19:08:54] ON REQUEST DELETION. 1 
[10-08-2020 20:08:50] API REQUEST ON. URI.  http://video.classroomtv.com/api/v1/institutions/48/userid/96438/username/sdfsdfsdf%2BSdfsdf/usermail/lucas%2540classroomtv.com/course/https%3Aslashslashclassroomtv.comslashcourseslash6615slashcurso-de-test-jose/video/upload 
[10-08-2020 20:08:50] API REQUEST ON. DATA. {"id":"48","filename":"TRANSELEC-TUTORIAL-SGC-C3- tiempos-de-respuesta-corregido.mp4","tempfile":"\/tmp\/TRANSELEC-TUTORIAL-SGC-C3- tiempos-de-respuesta-corregido.mp4","shortname":"classroomtv","videoservice_storage_provider":5} 
[10-08-2020 20:08:50] API REQUEST ON. RESPONSE. {"error":"The uploaded video can't be blank"} 
[10-08-2020 20:08:44] ON REQUEST DELETION. 1 
[10-08-2020 20:08:30] API REQUEST ON. URI.  http://video.classroomtv.com/api/v1/institutions/48/userid/96438/username/sdfsdfsdf%2BSdfsdf/usermail/lucas%2540classroomtv.com/course/https%3Aslashslashclassroomtv.comslashcourseslash6615slashcurso-de-test-jose/video/upload 
[10-08-2020 20:08:30] API REQUEST ON. DATA. {"id":"48","filename":"TRANSELEC-TUTORIAL-SGC-C3- tiempos-de-respuesta-corregido.mp4","tempfile":"\/tmp\/TRANSELEC-TUTORIAL-SGC-C3- tiempos-de-respuesta-corregido.mp4","shortname":"classroomtv","videoservice_storage_provider":5} 
[10-08-2020 20:08:30] API REQUEST ON. RESPONSE. {"error":"The uploaded video can't be blank"} 
[10-08-2020 20:08:41] API REQUEST ON. URI.  http://video.classroomtv.com/api/v1/institutions/48/userid/96438/username/sdfsdfsdf%2BSdfsdf/usermail/lucas%2540classroomtv.com/course/https%3Aslashslashclassroomtv.comslashcourseslash6615slashcurso-de-test-jose/video/upload 
[10-08-2020 20:08:41] API REQUEST ON. DATA. {"id":"48","filename":"MOD 1 CLIP 2 POLITICAS DE CONDUCTA PARA EMPLEADOS DE AFP HABITAT 21072020 DEF.mp4","tempfile":"\/tmp\/MOD 1 CLIP 2 POLITICAS DE CONDUCTA PARA EMPLEADOS DE AFP HABITAT 21072020 DEF.mp4","shortname":"classroomtv","videoservice_storage_provider":5} 
[10-08-2020 20:08:41] API REQUEST ON. RESPONSE. {"error":"The uploaded video can't be blank"} 
[10-08-2020 20:08:48] ON REQUEST DELETION. 1 
[10-08-2020 21:08:07] API REQUEST ON. URI.  http://video.classroomtv.com/api/v1/institutions/48/userid/96438/username/sdfsdfsdf%2BSdfsdf/usermail/lucas%2540classroomtv.com/course/https%3Aslashslashclassroomtv.comslashcourseslash6615slashcurso-de-test-jose/video/upload 
[10-08-2020 21:08:07] API REQUEST ON. DATA. {"id":"48","filename":"induscap - trabajo en altura - m2 c5 - elementos del sistema de protecci\u00f3n personal.mp4","tempfile":"\/tmp\/induscap - trabajo en altura - m2 c5 - elementos del sistema de protecci\u00f3n personal.mp4","shortname":"classroomtv","videoservice_storage_provider":5} 
[10-08-2020 21:08:08] API REQUEST ON. RESPONSE. {"error":"The uploaded video can't be blank"} 
[10-08-2020 21:08:08] ON REQUEST DELETION. 1 
[10-08-2020 22:08:59] API REQUEST ON. URI.  http://video.classroomtv.com/api/v1/institutions/48/userid/96438/username/sdfsdfsdf%2BSdfsdf/usermail/lucas%2540classroomtv.com/course/https%3Aslashslashclassroomtv.comslashcourseslash6615slashcurso-de-test-jose/video/upload 
[10-08-2020 22:08:59] API REQUEST ON. DATA. {"id":"48","filename":"TRANSELEC-TUTORIAL-SGC-C3- tiempos-de-respuesta-corregido.mp4","tempfile":"\/tmp\/TRANSELEC-TUTORIAL-SGC-C3- tiempos-de-respuesta-corregido.mp4","shortname":"classroomtv","videoservice_storage_provider":5} 
[10-08-2020 22:08:59] API REQUEST ON. RESPONSE. {"error":"The uploaded video can't be blank"} 
[10-08-2020 22:08:18] ON REQUEST DELETION. 1 
[10-08-2020 22:08:01] API REQUEST ON. URI.  http://video.classroomtv.com/api/v1/institutions/48/userid/96438/username/sdfsdfsdf%2BSdfsdf/usermail/lucas%2540classroomtv.com/course/https%3Aslashslashclassroomtv.comslashcourseslash6615slashcurso-de-test-jose/video/upload 
[10-08-2020 22:08:01] API REQUEST ON. DATA. {"id":"48","filename":"TRANSELEC-TUTORIAL-SGC-C3- tiempos-de-respuesta-corregido.mp4","tempfile":"\/tmp\/TRANSELEC-TUTORIAL-SGC-C3- tiempos-de-respuesta-corregido.mp4","shortname":"classroomtv","videoservice_storage_provider":5} 
[10-08-2020 22:08:01] API REQUEST ON. RESPONSE. <h1>Internal Server Error</h1> 
[10-08-2020 22:08:03] API REQUEST ON. URI.  http://video.classroomtv.com/api/v1/institutions/48/userid/96438/username/sdfsdfsdf%2BSdfsdf/usermail/lucas%2540classroomtv.com/course/https%3Aslashslashclassroomtv.comslashcourseslash6615slashcurso-de-test-jose/video/upload 
[10-08-2020 22:08:03] API REQUEST ON. DATA. {"id":"48","filename":"TRANSELEC-TUTORIAL-SGC-C3- tiempos-de-respuesta-corregido.mp4","tempfile":"\/tmp\/TRANSELEC-TUTORIAL-SGC-C3- tiempos-de-respuesta-corregido.mp4","shortname":"classroomtv","videoservice_storage_provider":5,"video_file":{"filename":"\/tmp\/TRANSELEC-TUTORIAL-SGC-C3- tiempos-de-respuesta-corregido.mp4"}} 
[10-08-2020 22:08:03] API REQUEST ON. RESPONSE. <h1>Internal Server Error</h1> 
[10-08-2020 22:08:33] API REQUEST ON. URI.  http://video.classroomtv.com/api/v1/institutions/48/userid/96438/username/sdfsdfsdf%2BSdfsdf/usermail/lucas%2540classroomtv.com/course/https%3Aslashslashclassroomtv.comslashcourseslash6615slashcurso-de-test-jose/video/upload 
[10-08-2020 22:08:33] API REQUEST ON. DATA. {"id":"48","filename":"TRANSELEC-TUTORIAL-SGC-C3- tiempos-de-respuesta-corregido.mp4","tempfile":"\/tmp\/TRANSELEC-TUTORIAL-SGC-C3- tiempos-de-respuesta-corregido.mp4","shortname":"classroomtv","videoservice_storage_provider":5} 
[10-08-2020 22:08:33] API REQUEST ON. RESPONSE. <h1>Internal Server Error</h1> 
[10-08-2020 23:08:51] API REQUEST ON. URI.  http://video.classroomtv.com/api/v1/institutions/48/userid/96438/username/sdfsdfsdf%2BSdfsdf/usermail/lucas%2540classroomtv.com/course/https%3Aslashslashclassroomtv.comslashcourseslash6615slashcurso-de-test-jose/video/upload 
[10-08-2020 23:08:51] API REQUEST ON. DATA. {"id":"48","filename":"TRANSELEC-TUTORIAL-SGC-C3- tiempos-de-respuesta-corregido.mp4","tempfile":"\/tmp\/TRANSELEC-TUTORIAL-SGC-C3- tiempos-de-respuesta-corregido.mp4","shortname":"classroomtv","videoservice_storage_provider":5} 
[10-08-2020 23:08:51] API REQUEST ON. RESPONSE. <h1>Internal Server Error</h1> 
[10-08-2020 23:08:02] API REQUEST ON. URI.  http://video.classroomtv.com/api/v1/institutions/48/userid/96438/username/sdfsdfsdf%2BSdfsdf/usermail/lucas%2540classroomtv.com/course/https%3Aslashslashclassroomtv.comslashcourseslash6615slashcurso-de-test-jose/video/upload 
[10-08-2020 23:08:02] API REQUEST ON. DATA. {"id":"48","filename":"TRANSELEC-TUTORIAL-SGC-C3- tiempos-de-respuesta-corregido.mp4","tempfile":"\/tmp\/TRANSELEC-TUTORIAL-SGC-C3- tiempos-de-respuesta-corregido.mp4","shortname":"classroomtv","videoservice_storage_provider":5} 
[10-08-2020 23:08:02] API REQUEST ON. RESPONSE. <h1>Internal Server Error</h1> 
[11-08-2020 00:08:00] API REQUEST ON. URI.  http://video.classroomtv.com/api/v1/institutions/48/userid/96438/username/sdfsdfsdf%2BSdfsdf/usermail/lucas%2540classroomtv.com/course/https%3Aslashslashclassroomtv.comslashcourseslash6615slashcurso-de-test-jose/video/upload 
[11-08-2020 00:08:00] API REQUEST ON. DATA. {"id":"48","filename":"TRANSELEC-TUTORIAL-SGC-C3- tiempos-de-respuesta-corregido.mp4","tempfile":"\/tmp\/TRANSELEC-TUTORIAL-SGC-C3- tiempos-de-respuesta-corregido.mp4","shortname":"classroomtv","videoservice_storage_provider":5} 
[11-08-2020 00:08:00] API REQUEST ON. RESPONSE. <h1>Internal Server Error</h1> 
[11-08-2020 03:08:55] API REQUEST ON. URI.  http://192.168.55.10:3000/api/v1/institutions/48/userid/96438/username/sdfsdfsdf%2BSdfsdf/usermail/lucas%2540classroomtv.com/course/aHR0cHMlM0FzbGFzaHNsYXNoY2xhc3Nyb29tdHYuY29tc2xhc2hjb3Vyc2VzbGFzaDY2MTVzbGFzaGN1cnNvLWRlLXRlc3Qtam9zZQ==/video/upload 
[11-08-2020 03:08:55] API REQUEST ON. DATA. {"id":"48","filename":"TRANSELEC-TUTORIAL-SGC-C3- tiempos-de-respuesta-corregido.mp4","tempfile":"\/tmp\/TRANSELEC-TUTORIAL-SGC-C3- tiempos-de-respuesta-corregido.mp4","shortname":"classroomtv","videoservice_storage_provider":5} 
[11-08-2020 04:08:03] API REQUEST ON. RESPONSE.  
[11-08-2020 04:08:37] API REQUEST ON. URI.  http://192.168.55.10:3000/api/v1/institutions/48/userid/96438/username/sdfsdfsdf%2BSdfsdf/usermail/lucas%2540classroomtv.com/course/aHR0cHMlM0FzbGFzaHNsYXNoY2xhc3Nyb29tdHYuY29tc2xhc2hjb3Vyc2VzbGFzaDY2MTVzbGFzaGN1cnNvLWRlLXRlc3Qtam9zZQ==/video/upload 
[11-08-2020 04:08:37] API REQUEST ON. DATA. {"id":"48","filename":"TRANSELEC-TUTORIAL-SGC-C3- tiempos-de-respuesta-corregido.mp4","tempfile":"\/tmp\/TRANSELEC-TUTORIAL-SGC-C3- tiempos-de-respuesta-corregido.mp4","shortname":"classroomtv","videoservice_storage_provider":5} 
[11-08-2020 04:08:44] API REQUEST ON. RESPONSE.  
[11-08-2020 04:08:01] API REQUEST ON. URI.  http://192.168.55.10:3000/api/v1/institutions//video/upload 
[11-08-2020 04:08:01] API REQUEST ON. DATA. {"id":null,"filename":null,"tempfile":"\/tmp\/","shortname":null,"videoservice_storage_provider":5} 
[11-08-2020 04:08:02] API REQUEST ON. URI.  http://192.168.55.10:3000/api/v1/institutions//video/upload 
[11-08-2020 04:08:02] API REQUEST ON. DATA. {"id":null,"filename":null,"tempfile":"\/tmp\/","shortname":null,"videoservice_storage_provider":5} 
[11-08-2020 04:08:08] API REQUEST ON. RESPONSE.  
[11-08-2020 04:08:09] API REQUEST ON. RESPONSE.  
[11-08-2020 04:08:32] API REQUEST ON. URI.  http://192.168.55.10:3000/api/v1/institutions/48/userid/96438/username/sdfsdfsdf%2BSdfsdf/usermail/lucas%2540classroomtv.com/course/aHR0cHMlM0FzbGFzaHNsYXNoY2xhc3Nyb29tdHYuY29tc2xhc2hjb3Vyc2VzbGFzaDY2MTVzbGFzaGN1cnNvLWRlLXRlc3Qtam9zZQ==/video/upload 
[11-08-2020 04:08:32] API REQUEST ON. DATA. {"id":"48","filename":"TRANSELEC-TUTORIAL-SGC-C3- tiempos-de-respuesta-corregido.mp4","tempfile":"\/tmp\/TRANSELEC-TUTORIAL-SGC-C3- tiempos-de-respuesta-corregido.mp4","shortname":"classroomtv","videoservice_storage_provider":5} 
[11-08-2020 04:08:39] API REQUEST ON. RESPONSE.  
[11-08-2020 04:08:27] API REQUEST ON. URI.  http://video.classroomtv.com/api/v1/institutions/48/userid/96438/username/sdfsdfsdf%2BSdfsdf/usermail/lucas%2540classroomtv.com/course/aHR0cHMlM0FzbGFzaHNsYXNoY2xhc3Nyb29tdHYuY29tc2xhc2hjb3Vyc2VzbGFzaDY2MTVzbGFzaGN1cnNvLWRlLXRlc3Qtam9zZQ==/video/upload 
[11-08-2020 04:08:27] API REQUEST ON. DATA. {"id":"48","filename":"TRANSELEC-TUTORIAL-SGC-C3- tiempos-de-respuesta-corregido.mp4","tempfile":"\/tmp\/TRANSELEC-TUTORIAL-SGC-C3- tiempos-de-respuesta-corregido.mp4","shortname":"classroomtv","videoservice_storage_provider":5} 
[11-08-2020 04:08:29] API REQUEST ON. RESPONSE. {"Video":{"job_id":"5f321ee534485ccc66000001","duration":"190.165333","file_name":"TRANSELEC-TUTORIAL-SGC-C3- tiempos-de-respuesta-corregido.mp4","storage_provider":"aws_s3"}} 
[11-08-2020 04:08:44] API REQUEST ON. URI.  http://video.classroomtv.com/api/v1/institutions/48/userid/96438/username/sdfsdfsdf%2BSdfsdf/usermail/lucas%2540classroomtv.com/course/aHR0cHMlM0FzbGFzaHNsYXNoY2xhc3Nyb29tdHYuY29tc2xhc2hjb3Vyc2VzbGFzaDY2MTVzbGFzaGN1cnNvLWRlLXRlc3Qtam9zZQ==/video/upload 
[11-08-2020 04:08:44] API REQUEST ON. DATA. {"id":"48","filename":"TRANSELEC-TUTORIAL-SGC-C3- tiempos-de-respuesta-corregido.mp4","tempfile":"\/tmp\/TRANSELEC-TUTORIAL-SGC-C3- tiempos-de-respuesta-corregido.mp4","shortname":"classroomtv","videoservice_storage_provider":5} 
[11-08-2020 04:08:46] API REQUEST ON. RESPONSE. {"Video":{"job_id":"5f3221c634485ca780000001","duration":"190.165333","file_name":"TRANSELEC-TUTORIAL-SGC-C3- tiempos-de-respuesta-corregido.mp4","storage_provider":"aws_s3"}} 
[11-08-2020 04:08:57] ERROR.  No se pudo abrir archivo de acumulacion de chunks /tmp/. No se grabo chunk   
[11-08-2020 05:08:24] API REQUEST ON. URI.  http://video.classroomtv.com/api/v1/institutions/48/userid/96438/username/sdfsdfsdf%2BSdfsdf/usermail/lucas%2540classroomtv.com/course/aHR0cHMlM0FzbGFzaHNsYXNoY2xhc3Nyb29tdHYuY29tc2xhc2hjb3Vyc2VzbGFzaDY2MTVzbGFzaGN1cnNvLWRlLXRlc3Qtam9zZQ==/video/upload 
[11-08-2020 05:08:24] API REQUEST ON. DATA. {"id":"48","filename":"introduccion.mp4","tempfile":"\/tmp\/introduccion.mp4","shortname":"classroomtv","videoservice_storage_provider":5} 
[11-08-2020 05:08:25] API REQUEST ON. RESPONSE. {"Video":{"job_id":"5f32266134485c1166000001","duration":"337.216000","file_name":"introduccion.mp4","storage_provider":"aws_s3"}} 
[11-08-2020 12:08:23] API REQUEST ON. URI.  http://video.classroomtv.com/api/v1/institutions/48/userid/96438/username/sdfsdfsdf%2BSdfsdf/usermail/lucas%2540classroomtv.com/course/aHR0cHMlM0FzbGFzaHNsYXNoY2xhc3Nyb29tdHYuY29tc2xhc2hjb3Vyc2VzbGFzaDY0MTlzbGFzaHRlY25pY2FzLXBhcmEtbGEtYWRtaW5pc3RyYWNpb24tZmluYW5jaWVyYS1lbi1wcm95ZWN0b3MtY29ycG9yYXRpdm9z/video/upload 
[11-08-2020 12:08:23] API REQUEST ON. DATA. {"id":"48","filename":"TRANSELEC-TUTORIAL-SGC-C3- tiempos-de-respuesta-corregido.mp4","tempfile":"\/tmp\/TRANSELEC-TUTORIAL-SGC-C3- tiempos-de-respuesta-corregido.mp4","shortname":"classroomtv","videoservice_storage_provider":5} 
[11-08-2020 12:08:27] API REQUEST ON. RESPONSE. {"Video":{"job_id":"5f3290ca34485c7a13000005","duration":"190.165333","file_name":"TRANSELEC-TUTORIAL-SGC-C3- tiempos-de-respuesta-corregido.mp4","storage_provider":"aws_s3"}} 
[11-08-2020 13:08:44] ON REQUEST DELETION. 1 
[11-08-2020 14:08:58] API REQUEST ON. URI.  http://video.classroomtv.com/api/v1/institutions/48/userid/96438/username/sdfsdfsdf%2BSdfsdf/usermail/lucas%2540classroomtv.com/course/aHR0cHMlM0FzbGFzaHNsYXNoY2xhc3Nyb29tdHYuY29tc2xhc2hjb3Vyc2VzbGFzaDY0MTlzbGFzaHRlY25pY2FzLXBhcmEtbGEtYWRtaW5pc3RyYWNpb24tZmluYW5jaWVyYS1lbi1wcm95ZWN0b3MtY29ycG9yYXRpdm9z/video/upload 
[11-08-2020 14:08:58] API REQUEST ON. DATA. {"id":"48","filename":"otro_video_malo_para_pruebas.mp4","tempfile":"\/tmp\/otro_video_malo_para_pruebas.mp4","shortname":"classroomtv","videoservice_storage_provider":5} 
[11-08-2020 14:08:59] API REQUEST ON. RESPONSE. {"Video":{"job_id":"5f32aeaf34485cb9ee000001","duration":"337.216000","file_name":"otro_video_malo_para_pruebas.mp4","storage_provider":"aws_s3"}} 
[11-08-2020 15:08:28] API REQUEST ON. URI.  http://video.classroomtv.com/api/v1/institutions/48/userid/96438/username/sdfsdfsdf%2BSdfsdf/usermail/lucas%2540classroomtv.com/course/aHR0cHMlM0FzbGFzaHNsYXNoY2xhc3Nyb29tdHYuY29tc2xhc2hjb3Vyc2VzbGFzaDY0MTlzbGFzaHRlY25pY2FzLXBhcmEtbGEtYWRtaW5pc3RyYWNpb24tZmluYW5jaWVyYS1lbi1wcm95ZWN0b3MtY29ycG9yYXRpdm9z/video/upload 
[11-08-2020 15:08:28] API REQUEST ON. DATA. {"id":"48","filename":"otro_video_malo_para_pruebas.mp4","tempfile":"\/tmp\/otro_video_malo_para_pruebas.mp4","shortname":"classroomtv","videoservice_storage_provider":5} 
[11-08-2020 15:08:29] API REQUEST ON. RESPONSE. {"Video":{"job_id":"5f32b5d534485c1edf00000d","duration":"337.216000","file_name":"otro_video_malo_para_pruebas.mp4","storage_provider":"aws_s3"}} 
